nohup: ignoring input
[I 2025-02-27 09:44:41.994 ServerApp] jupyterlab | extension was successfully linked.
[W 2025-02-27 09:44:41.998 NotebookApp] 'password' has moved from NotebookApp to ServerApp. This config will be passed to ServerApp. Be sure to update your config before our next release.
[I 2025-02-27 09:44:42.209 ServerApp] nbclassic | extension was successfully linked.
[I 2025-02-27 09:44:42.252 ServerApp] nbclassic | extension was successfully loaded.
[I 2025-02-27 09:44:42.253 LabApp] JupyterLab extension loaded from /home/lab05/.local/lib/python3.6/site-packages/jupyterlab
[I 2025-02-27 09:44:42.253 LabApp] JupyterLab application directory is /home/lab05/.local/share/jupyter/lab
[I 2025-02-27 09:44:42.256 ServerApp] jupyterlab | extension was successfully loaded.
[I 2025-02-27 09:44:42.257 ServerApp] Serving notebooks from local directory: /home/lab05/git/noise-data-platform
[I 2025-02-27 09:44:42.257 ServerApp] Jupyter Server 1.13.1 is running at:
[I 2025-02-27 09:44:42.257 ServerApp] http://ip-172-31-11-83:8905/lab
[I 2025-02-27 09:44:42.257 ServerApp]  or http://127.0.0.1:8905/lab
[I 2025-02-27 09:44:42.257 ServerApp] Use Control-C to stop this server and shut down all kernels (twice to skip confirmation).
[I 2025-02-27 09:45:20.026 ServerApp] Kernel started: a642711e-2402-473f-b45a-fb026b101140
[IPKernelApp] ERROR | No such comm target registered: jupyter.widget.control
[IPKernelApp] WARNING | No such comm: 8d8c0708-8479-4643-bae7-aee1f5cb75a1
[I 2025-02-27 09:50:46.019 ServerApp] Kernel started: 4c74bfd4-9bd8-49cb-adc2-59ec59e5cd6b
25/02/27 09:50:53 WARN NativeCodeLoader: Unable to load native-hadoop library for your platform... using builtin-java classes where applicable
Using Spark's default log4j profile: org/apache/spark/log4j-defaults.properties
Setting default log level to "WARN".
To adjust logging level use sc.setLogLevel(newLevel). For SparkR, use setLogLevel(newLevel).
[Stage 0:>                                                          (0 + 1) / 1]                                                                                25/02/27 09:52:45 WARN package: Truncated the string representation of a plan since it was too large. This behavior can be adjusted by setting 'spark.sql.debug.maxToStringFields'.
[I 2025-02-27 09:52:46.051 ServerApp] Saving file at /EB/JSON_car_horn.ipynb
[I 2025-02-27 09:54:46.048 ServerApp] Saving file at /EB/JSON_car_horn.ipynb
25/02/27 09:55:03 ERROR Executor: Exception in task 1.0 in stage 2.0 (TID 3)
java.sql.BatchUpdateException: Incorrect string value: '\xEA\xB5\x90\xED\x86\xB5...' for column 'category_01' at row 1
	at com.mysql.cj.jdbc.exceptions.SQLError.createBatchUpdateException(SQLError.java:214)
	at com.mysql.cj.jdbc.ClientPreparedStatement.executeBatchSerially(ClientPreparedStatement.java:885)
	at com.mysql.cj.jdbc.ClientPreparedStatement.executeBatchInternal(ClientPreparedStatement.java:466)
	at com.mysql.cj.jdbc.StatementImpl.executeBatch(StatementImpl.java:858)
	at org.apache.spark.sql.execution.datasources.jdbc.JdbcUtils$.savePartition(JdbcUtils.scala:692)
	at org.apache.spark.sql.execution.datasources.jdbc.JdbcUtils$.$anonfun$saveTable$1(JdbcUtils.scala:856)
	at org.apache.spark.sql.execution.datasources.jdbc.JdbcUtils$.$anonfun$saveTable$1$adapted(JdbcUtils.scala:854)
	at org.apache.spark.rdd.RDD.$anonfun$foreachPartition$2(RDD.scala:1020)
	at org.apache.spark.rdd.RDD.$anonfun$foreachPartition$2$adapted(RDD.scala:1020)
	at org.apache.spark.SparkContext.$anonfun$runJob$5(SparkContext.scala:2236)
	at org.apache.spark.scheduler.ResultTask.runTask(ResultTask.scala:90)
	at org.apache.spark.scheduler.Task.run(Task.scala:131)
	at org.apache.spark.executor.Executor$TaskRunner.$anonfun$run$3(Executor.scala:497)
	at org.apache.spark.util.Utils$.tryWithSafeFinally(Utils.scala:1439)
	at org.apache.spark.executor.Executor$TaskRunner.run(Executor.scala:500)
	at java.util.concurrent.ThreadPoolExecutor.runWorker(ThreadPoolExecutor.java:1149)
	at java.util.concurrent.ThreadPoolExecutor$Worker.run(ThreadPoolExecutor.java:624)
	at java.lang.Thread.run(Thread.java:750)
Caused by: java.sql.SQLException: Incorrect string value: '\xEA\xB5\x90\xED\x86\xB5...' for column 'category_01' at row 1
	at com.mysql.cj.jdbc.exceptions.SQLError.createSQLException(SQLError.java:121)
	at com.mysql.cj.jdbc.exceptions.SQLExceptionsMapping.translateException(SQLExceptionsMapping.java:114)
	at com.mysql.cj.jdbc.ClientPreparedStatement.executeInternal(ClientPreparedStatement.java:990)
	at com.mysql.cj.jdbc.ClientPreparedStatement.executeUpdateInternal(ClientPreparedStatement.java:1168)
	at com.mysql.cj.jdbc.ClientPreparedStatement.executeBatchSerially(ClientPreparedStatement.java:864)
	... 16 more
25/02/27 09:55:03 ERROR Executor: Exception in task 3.0 in stage 2.0 (TID 5)
java.sql.BatchUpdateException: Incorrect string value: '\xEA\xB5\x90\xED\x86\xB5...' for column 'category_01' at row 1
	at com.mysql.cj.jdbc.exceptions.SQLError.createBatchUpdateException(SQLError.java:214)
	at com.mysql.cj.jdbc.ClientPreparedStatement.executeBatchSerially(ClientPreparedStatement.java:885)
	at com.mysql.cj.jdbc.ClientPreparedStatement.executeBatchInternal(ClientPreparedStatement.java:466)
	at com.mysql.cj.jdbc.StatementImpl.executeBatch(StatementImpl.java:858)
	at org.apache.spark.sql.execution.datasources.jdbc.JdbcUtils$.savePartition(JdbcUtils.scala:692)
	at org.apache.spark.sql.execution.datasources.jdbc.JdbcUtils$.$anonfun$saveTable$1(JdbcUtils.scala:856)
	at org.apache.spark.sql.execution.datasources.jdbc.JdbcUtils$.$anonfun$saveTable$1$adapted(JdbcUtils.scala:854)
	at org.apache.spark.rdd.RDD.$anonfun$foreachPartition$2(RDD.scala:1020)
	at org.apache.spark.rdd.RDD.$anonfun$foreachPartition$2$adapted(RDD.scala:1020)
	at org.apache.spark.SparkContext.$anonfun$runJob$5(SparkContext.scala:2236)
	at org.apache.spark.scheduler.ResultTask.runTask(ResultTask.scala:90)
	at org.apache.spark.scheduler.Task.run(Task.scala:131)
	at org.apache.spark.executor.Executor$TaskRunner.$anonfun$run$3(Executor.scala:497)
	at org.apache.spark.util.Utils$.tryWithSafeFinally(Utils.scala:1439)
	at org.apache.spark.executor.Executor$TaskRunner.run(Executor.scala:500)
	at java.util.concurrent.ThreadPoolExecutor.runWorker(ThreadPoolExecutor.java:1149)
	at java.util.concurrent.ThreadPoolExecutor$Worker.run(ThreadPoolExecutor.java:624)
	at java.lang.Thread.run(Thread.java:750)
Caused by: java.sql.SQLException: Incorrect string value: '\xEA\xB5\x90\xED\x86\xB5...' for column 'category_01' at row 1
	at com.mysql.cj.jdbc.exceptions.SQLError.createSQLException(SQLError.java:121)
	at com.mysql.cj.jdbc.exceptions.SQLExceptionsMapping.translateException(SQLExceptionsMapping.java:114)
	at com.mysql.cj.jdbc.ClientPreparedStatement.executeInternal(ClientPreparedStatement.java:990)
	at com.mysql.cj.jdbc.ClientPreparedStatement.executeUpdateInternal(ClientPreparedStatement.java:1168)
	at com.mysql.cj.jdbc.ClientPreparedStatement.executeBatchSerially(ClientPreparedStatement.java:864)
	... 16 more
25/02/27 09:55:03 ERROR Executor: Exception in task 2.0 in stage 2.0 (TID 4)
java.sql.BatchUpdateException: Incorrect string value: '\xEA\xB5\x90\xED\x86\xB5...' for column 'category_01' at row 1
	at com.mysql.cj.jdbc.exceptions.SQLError.createBatchUpdateException(SQLError.java:214)
	at com.mysql.cj.jdbc.ClientPreparedStatement.executeBatchSerially(ClientPreparedStatement.java:885)
	at com.mysql.cj.jdbc.ClientPreparedStatement.executeBatchInternal(ClientPreparedStatement.java:466)
	at com.mysql.cj.jdbc.StatementImpl.executeBatch(StatementImpl.java:858)
	at org.apache.spark.sql.execution.datasources.jdbc.JdbcUtils$.savePartition(JdbcUtils.scala:692)
	at org.apache.spark.sql.execution.datasources.jdbc.JdbcUtils$.$anonfun$saveTable$1(JdbcUtils.scala:856)
	at org.apache.spark.sql.execution.datasources.jdbc.JdbcUtils$.$anonfun$saveTable$1$adapted(JdbcUtils.scala:854)
	at org.apache.spark.rdd.RDD.$anonfun$foreachPartition$2(RDD.scala:1020)
	at org.apache.spark.rdd.RDD.$anonfun$foreachPartition$2$adapted(RDD.scala:1020)
	at org.apache.spark.SparkContext.$anonfun$runJob$5(SparkContext.scala:2236)
	at org.apache.spark.scheduler.ResultTask.runTask(ResultTask.scala:90)
	at org.apache.spark.scheduler.Task.run(Task.scala:131)
	at org.apache.spark.executor.Executor$TaskRunner.$anonfun$run$3(Executor.scala:497)
	at org.apache.spark.util.Utils$.tryWithSafeFinally(Utils.scala:1439)
	at org.apache.spark.executor.Executor$TaskRunner.run(Executor.scala:500)
	at java.util.concurrent.ThreadPoolExecutor.runWorker(ThreadPoolExecutor.java:1149)
	at java.util.concurrent.ThreadPoolExecutor$Worker.run(ThreadPoolExecutor.java:624)
	at java.lang.Thread.run(Thread.java:750)
Caused by: java.sql.SQLException: Incorrect string value: '\xEA\xB5\x90\xED\x86\xB5...' for column 'category_01' at row 1
	at com.mysql.cj.jdbc.exceptions.SQLError.createSQLException(SQLError.java:121)
	at com.mysql.cj.jdbc.exceptions.SQLExceptionsMapping.translateException(SQLExceptionsMapping.java:114)
	at com.mysql.cj.jdbc.ClientPreparedStatement.executeInternal(ClientPreparedStatement.java:990)
	at com.mysql.cj.jdbc.ClientPreparedStatement.executeUpdateInternal(ClientPreparedStatement.java:1168)
	at com.mysql.cj.jdbc.ClientPreparedStatement.executeBatchSerially(ClientPreparedStatement.java:864)
	... 16 more
25/02/27 09:55:03 ERROR Executor: Exception in task 0.0 in stage 2.0 (TID 2)
java.sql.BatchUpdateException: Incorrect string value: '\xEA\xB5\x90\xED\x86\xB5...' for column 'category_01' at row 1
	at com.mysql.cj.jdbc.exceptions.SQLError.createBatchUpdateException(SQLError.java:214)
	at com.mysql.cj.jdbc.ClientPreparedStatement.executeBatchSerially(ClientPreparedStatement.java:885)
	at com.mysql.cj.jdbc.ClientPreparedStatement.executeBatchInternal(ClientPreparedStatement.java:466)
	at com.mysql.cj.jdbc.StatementImpl.executeBatch(StatementImpl.java:858)
	at org.apache.spark.sql.execution.datasources.jdbc.JdbcUtils$.savePartition(JdbcUtils.scala:692)
	at org.apache.spark.sql.execution.datasources.jdbc.JdbcUtils$.$anonfun$saveTable$1(JdbcUtils.scala:856)
	at org.apache.spark.sql.execution.datasources.jdbc.JdbcUtils$.$anonfun$saveTable$1$adapted(JdbcUtils.scala:854)
	at org.apache.spark.rdd.RDD.$anonfun$foreachPartition$2(RDD.scala:1020)
	at org.apache.spark.rdd.RDD.$anonfun$foreachPartition$2$adapted(RDD.scala:1020)
	at org.apache.spark.SparkContext.$anonfun$runJob$5(SparkContext.scala:2236)
	at org.apache.spark.scheduler.ResultTask.runTask(ResultTask.scala:90)
	at org.apache.spark.scheduler.Task.run(Task.scala:131)
	at org.apache.spark.executor.Executor$TaskRunner.$anonfun$run$3(Executor.scala:497)
	at org.apache.spark.util.Utils$.tryWithSafeFinally(Utils.scala:1439)
	at org.apache.spark.executor.Executor$TaskRunner.run(Executor.scala:500)
	at java.util.concurrent.ThreadPoolExecutor.runWorker(ThreadPoolExecutor.java:1149)
	at java.util.concurrent.ThreadPoolExecutor$Worker.run(ThreadPoolExecutor.java:624)
	at java.lang.Thread.run(Thread.java:750)
Caused by: java.sql.SQLException: Incorrect string value: '\xEA\xB5\x90\xED\x86\xB5...' for column 'category_01' at row 1
	at com.mysql.cj.jdbc.exceptions.SQLError.createSQLException(SQLError.java:121)
	at com.mysql.cj.jdbc.exceptions.SQLExceptionsMapping.translateException(SQLExceptionsMapping.java:114)
	at com.mysql.cj.jdbc.ClientPreparedStatement.executeInternal(ClientPreparedStatement.java:990)
	at com.mysql.cj.jdbc.ClientPreparedStatement.executeUpdateInternal(ClientPreparedStatement.java:1168)
	at com.mysql.cj.jdbc.ClientPreparedStatement.executeBatchSerially(ClientPreparedStatement.java:864)
	... 16 more
[Stage 2:>                                                        (0 + 4) / 100]25/02/27 09:55:03 WARN TaskSetManager: Lost task 3.0 in stage 2.0 (TID 5) (ip-172-31-11-83.ap-northeast-3.compute.internal executor driver): java.sql.BatchUpdateException: Incorrect string value: '\xEA\xB5\x90\xED\x86\xB5...' for column 'category_01' at row 1
	at com.mysql.cj.jdbc.exceptions.SQLError.createBatchUpdateException(SQLError.java:214)
	at com.mysql.cj.jdbc.ClientPreparedStatement.executeBatchSerially(ClientPreparedStatement.java:885)
	at com.mysql.cj.jdbc.ClientPreparedStatement.executeBatchInternal(ClientPreparedStatement.java:466)
	at com.mysql.cj.jdbc.StatementImpl.executeBatch(StatementImpl.java:858)
	at org.apache.spark.sql.execution.datasources.jdbc.JdbcUtils$.savePartition(JdbcUtils.scala:692)
	at org.apache.spark.sql.execution.datasources.jdbc.JdbcUtils$.$anonfun$saveTable$1(JdbcUtils.scala:856)
	at org.apache.spark.sql.execution.datasources.jdbc.JdbcUtils$.$anonfun$saveTable$1$adapted(JdbcUtils.scala:854)
	at org.apache.spark.rdd.RDD.$anonfun$foreachPartition$2(RDD.scala:1020)
	at org.apache.spark.rdd.RDD.$anonfun$foreachPartition$2$adapted(RDD.scala:1020)
	at org.apache.spark.SparkContext.$anonfun$runJob$5(SparkContext.scala:2236)
	at org.apache.spark.scheduler.ResultTask.runTask(ResultTask.scala:90)
	at org.apache.spark.scheduler.Task.run(Task.scala:131)
	at org.apache.spark.executor.Executor$TaskRunner.$anonfun$run$3(Executor.scala:497)
	at org.apache.spark.util.Utils$.tryWithSafeFinally(Utils.scala:1439)
	at org.apache.spark.executor.Executor$TaskRunner.run(Executor.scala:500)
	at java.util.concurrent.ThreadPoolExecutor.runWorker(ThreadPoolExecutor.java:1149)
	at java.util.concurrent.ThreadPoolExecutor$Worker.run(ThreadPoolExecutor.java:624)
	at java.lang.Thread.run(Thread.java:750)
Caused by: java.sql.SQLException: Incorrect string value: '\xEA\xB5\x90\xED\x86\xB5...' for column 'category_01' at row 1
	at com.mysql.cj.jdbc.exceptions.SQLError.createSQLException(SQLError.java:121)
	at com.mysql.cj.jdbc.exceptions.SQLExceptionsMapping.translateException(SQLExceptionsMapping.java:114)
	at com.mysql.cj.jdbc.ClientPreparedStatement.executeInternal(ClientPreparedStatement.java:990)
	at com.mysql.cj.jdbc.ClientPreparedStatement.executeUpdateInternal(ClientPreparedStatement.java:1168)
	at com.mysql.cj.jdbc.ClientPreparedStatement.executeBatchSerially(ClientPreparedStatement.java:864)
	... 16 more

25/02/27 09:55:03 ERROR TaskSetManager: Task 3 in stage 2.0 failed 1 times; aborting job
25/02/27 09:55:03 WARN TaskSetManager: Lost task 6.0 in stage 2.0 (TID 8) (ip-172-31-11-83.ap-northeast-3.compute.internal executor driver): TaskKilled (Stage cancelled)
25/02/27 09:55:03 WARN TaskSetManager: Lost task 5.0 in stage 2.0 (TID 7) (ip-172-31-11-83.ap-northeast-3.compute.internal executor driver): TaskKilled (Stage cancelled)
25/02/27 09:55:04 WARN TaskSetManager: Lost task 4.0 in stage 2.0 (TID 6) (ip-172-31-11-83.ap-northeast-3.compute.internal executor driver): TaskKilled (Stage cancelled)
[I 2025-02-27 09:55:16.136 ServerApp] Starting buffering for 4c74bfd4-9bd8-49cb-adc2-59ec59e5cd6b:d86ea8a7767c4c5e88a16d813bf917d0
[I 2025-02-27 09:55:16.146 ServerApp] Kernel shutdown: 4c74bfd4-9bd8-49cb-adc2-59ec59e5cd6b
[I 2025-02-27 09:55:18.824 ServerApp] Kernel started: ec82c58a-ab69-4344-85ce-74eba9ccd4bd
[I 2025-02-27 09:55:22.247 ServerApp] Starting buffering for ec82c58a-ab69-4344-85ce-74eba9ccd4bd:d86ea8a7767c4c5e88a16d813bf917d0
[I 2025-02-27 09:55:22.483 ServerApp] Kernel restarted: ec82c58a-ab69-4344-85ce-74eba9ccd4bd
[I 2025-02-27 09:55:22.533 ServerApp] Restoring connection for ec82c58a-ab69-4344-85ce-74eba9ccd4bd:d86ea8a7767c4c5e88a16d813bf917d0
[I 2025-02-27 09:55:22.948 ServerApp] Replaying 3 buffered messages
[I 2025-02-27 09:55:36.035 ServerApp] Starting buffering for ec82c58a-ab69-4344-85ce-74eba9ccd4bd:d86ea8a7767c4c5e88a16d813bf917d0
[I 2025-02-27 09:55:36.044 ServerApp] Kernel shutdown: ec82c58a-ab69-4344-85ce-74eba9ccd4bd
[I 2025-02-27 09:55:36.406 ServerApp] Kernel started: 937dc123-da16-4f03-aba9-b3e42b15c755
[I 2025-02-27 09:55:51.037 ServerApp] Starting buffering for 937dc123-da16-4f03-aba9-b3e42b15c755:d86ea8a7767c4c5e88a16d813bf917d0
[I 2025-02-27 09:55:51.172 ServerApp] Kernel restarted: 937dc123-da16-4f03-aba9-b3e42b15c755
[I 2025-02-27 09:55:51.232 ServerApp] Restoring connection for 937dc123-da16-4f03-aba9-b3e42b15c755:d86ea8a7767c4c5e88a16d813bf917d0
[I 2025-02-27 09:55:51.608 ServerApp] Replaying 3 buffered messages
25/02/27 09:55:54 WARN NativeCodeLoader: Unable to load native-hadoop library for your platform... using builtin-java classes where applicable
Using Spark's default log4j profile: org/apache/spark/log4j-defaults.properties
Setting default log level to "WARN".
To adjust logging level use sc.setLogLevel(newLevel). For SparkR, use setLogLevel(newLevel).
[Stage 0:>                                                          (0 + 1) / 1][I 2025-02-27 09:56:46.052 ServerApp] Saving file at /EB/JSON_car_horn.ipynb
                                                                                25/02/27 09:57:03 WARN package: Truncated the string representation of a plan since it was too large. This behavior can be adjusted by setting 'spark.sql.debug.maxToStringFields'.
[Stage 2:>                                                        (0 + 4) / 100]25/02/27 09:57:06 ERROR Executor: Exception in task 1.0 in stage 2.0 (TID 3)
java.sql.BatchUpdateException: Incorrect string value: '\xEA\xB5\x90\xED\x86\xB5...' for column 'category_01' at row 1
	at com.mysql.cj.jdbc.exceptions.SQLError.createBatchUpdateException(SQLError.java:214)
	at com.mysql.cj.jdbc.ClientPreparedStatement.executeBatchSerially(ClientPreparedStatement.java:885)
	at com.mysql.cj.jdbc.ClientPreparedStatement.executeBatchInternal(ClientPreparedStatement.java:466)
	at com.mysql.cj.jdbc.StatementImpl.executeBatch(StatementImpl.java:858)
	at org.apache.spark.sql.execution.datasources.jdbc.JdbcUtils$.savePartition(JdbcUtils.scala:692)
	at org.apache.spark.sql.execution.datasources.jdbc.JdbcUtils$.$anonfun$saveTable$1(JdbcUtils.scala:856)
	at org.apache.spark.sql.execution.datasources.jdbc.JdbcUtils$.$anonfun$saveTable$1$adapted(JdbcUtils.scala:854)
	at org.apache.spark.rdd.RDD.$anonfun$foreachPartition$2(RDD.scala:1020)
	at org.apache.spark.rdd.RDD.$anonfun$foreachPartition$2$adapted(RDD.scala:1020)
	at org.apache.spark.SparkContext.$anonfun$runJob$5(SparkContext.scala:2236)
	at org.apache.spark.scheduler.ResultTask.runTask(ResultTask.scala:90)
	at org.apache.spark.scheduler.Task.run(Task.scala:131)
	at org.apache.spark.executor.Executor$TaskRunner.$anonfun$run$3(Executor.scala:497)
	at org.apache.spark.util.Utils$.tryWithSafeFinally(Utils.scala:1439)
	at org.apache.spark.executor.Executor$TaskRunner.run(Executor.scala:500)
	at java.util.concurrent.ThreadPoolExecutor.runWorker(ThreadPoolExecutor.java:1149)
	at java.util.concurrent.ThreadPoolExecutor$Worker.run(ThreadPoolExecutor.java:624)
	at java.lang.Thread.run(Thread.java:750)
Caused by: java.sql.SQLException: Incorrect string value: '\xEA\xB5\x90\xED\x86\xB5...' for column 'category_01' at row 1
	at com.mysql.cj.jdbc.exceptions.SQLError.createSQLException(SQLError.java:121)
	at com.mysql.cj.jdbc.exceptions.SQLExceptionsMapping.translateException(SQLExceptionsMapping.java:114)
	at com.mysql.cj.jdbc.ClientPreparedStatement.executeInternal(ClientPreparedStatement.java:990)
	at com.mysql.cj.jdbc.ClientPreparedStatement.executeUpdateInternal(ClientPreparedStatement.java:1168)
	at com.mysql.cj.jdbc.ClientPreparedStatement.executeBatchSerially(ClientPreparedStatement.java:864)
	... 16 more
25/02/27 09:57:06 ERROR Executor: Exception in task 2.0 in stage 2.0 (TID 4)
java.sql.BatchUpdateException: Incorrect string value: '\xEA\xB5\x90\xED\x86\xB5...' for column 'category_01' at row 1
	at com.mysql.cj.jdbc.exceptions.SQLError.createBatchUpdateException(SQLError.java:214)
	at com.mysql.cj.jdbc.ClientPreparedStatement.executeBatchSerially(ClientPreparedStatement.java:885)
	at com.mysql.cj.jdbc.ClientPreparedStatement.executeBatchInternal(ClientPreparedStatement.java:466)
	at com.mysql.cj.jdbc.StatementImpl.executeBatch(StatementImpl.java:858)
	at org.apache.spark.sql.execution.datasources.jdbc.JdbcUtils$.savePartition(JdbcUtils.scala:692)
	at org.apache.spark.sql.execution.datasources.jdbc.JdbcUtils$.$anonfun$saveTable$1(JdbcUtils.scala:856)
	at org.apache.spark.sql.execution.datasources.jdbc.JdbcUtils$.$anonfun$saveTable$1$adapted(JdbcUtils.scala:854)
	at org.apache.spark.rdd.RDD.$anonfun$foreachPartition$2(RDD.scala:1020)
	at org.apache.spark.rdd.RDD.$anonfun$foreachPartition$2$adapted(RDD.scala:1020)
	at org.apache.spark.SparkContext.$anonfun$runJob$5(SparkContext.scala:2236)
	at org.apache.spark.scheduler.ResultTask.runTask(ResultTask.scala:90)
	at org.apache.spark.scheduler.Task.run(Task.scala:131)
	at org.apache.spark.executor.Executor$TaskRunner.$anonfun$run$3(Executor.scala:497)
	at org.apache.spark.util.Utils$.tryWithSafeFinally(Utils.scala:1439)
	at org.apache.spark.executor.Executor$TaskRunner.run(Executor.scala:500)
	at java.util.concurrent.ThreadPoolExecutor.runWorker(ThreadPoolExecutor.java:1149)
	at java.util.concurrent.ThreadPoolExecutor$Worker.run(ThreadPoolExecutor.java:624)
	at java.lang.Thread.run(Thread.java:750)
Caused by: java.sql.SQLException: Incorrect string value: '\xEA\xB5\x90\xED\x86\xB5...' for column 'category_01' at row 1
	at com.mysql.cj.jdbc.exceptions.SQLError.createSQLException(SQLError.java:121)
	at com.mysql.cj.jdbc.exceptions.SQLExceptionsMapping.translateException(SQLExceptionsMapping.java:114)
	at com.mysql.cj.jdbc.ClientPreparedStatement.executeInternal(ClientPreparedStatement.java:990)
	at com.mysql.cj.jdbc.ClientPreparedStatement.executeUpdateInternal(ClientPreparedStatement.java:1168)
	at com.mysql.cj.jdbc.ClientPreparedStatement.executeBatchSerially(ClientPreparedStatement.java:864)
	... 16 more
25/02/27 09:57:06 ERROR Executor: Exception in task 3.0 in stage 2.0 (TID 5)
java.sql.BatchUpdateException: Incorrect string value: '\xEA\xB5\x90\xED\x86\xB5...' for column 'category_01' at row 1
	at com.mysql.cj.jdbc.exceptions.SQLError.createBatchUpdateException(SQLError.java:214)
	at com.mysql.cj.jdbc.ClientPreparedStatement.executeBatchSerially(ClientPreparedStatement.java:885)
	at com.mysql.cj.jdbc.ClientPreparedStatement.executeBatchInternal(ClientPreparedStatement.java:466)
	at com.mysql.cj.jdbc.StatementImpl.executeBatch(StatementImpl.java:858)
	at org.apache.spark.sql.execution.datasources.jdbc.JdbcUtils$.savePartition(JdbcUtils.scala:692)
	at org.apache.spark.sql.execution.datasources.jdbc.JdbcUtils$.$anonfun$saveTable$1(JdbcUtils.scala:856)
	at org.apache.spark.sql.execution.datasources.jdbc.JdbcUtils$.$anonfun$saveTable$1$adapted(JdbcUtils.scala:854)
	at org.apache.spark.rdd.RDD.$anonfun$foreachPartition$2(RDD.scala:1020)
	at org.apache.spark.rdd.RDD.$anonfun$foreachPartition$2$adapted(RDD.scala:1020)
	at org.apache.spark.SparkContext.$anonfun$runJob$5(SparkContext.scala:2236)
	at org.apache.spark.scheduler.ResultTask.runTask(ResultTask.scala:90)
	at org.apache.spark.scheduler.Task.run(Task.scala:131)
	at org.apache.spark.executor.Executor$TaskRunner.$anonfun$run$3(Executor.scala:497)
	at org.apache.spark.util.Utils$.tryWithSafeFinally(Utils.scala:1439)
	at org.apache.spark.executor.Executor$TaskRunner.run(Executor.scala:500)
	at java.util.concurrent.ThreadPoolExecutor.runWorker(ThreadPoolExecutor.java:1149)
	at java.util.concurrent.ThreadPoolExecutor$Worker.run(ThreadPoolExecutor.java:624)
	at java.lang.Thread.run(Thread.java:750)
Caused by: java.sql.SQLException: Incorrect string value: '\xEA\xB5\x90\xED\x86\xB5...' for column 'category_01' at row 1
	at com.mysql.cj.jdbc.exceptions.SQLError.createSQLException(SQLError.java:121)
	at com.mysql.cj.jdbc.exceptions.SQLExceptionsMapping.translateException(SQLExceptionsMapping.java:114)
	at com.mysql.cj.jdbc.ClientPreparedStatement.executeInternal(ClientPreparedStatement.java:990)
	at com.mysql.cj.jdbc.ClientPreparedStatement.executeUpdateInternal(ClientPreparedStatement.java:1168)
	at com.mysql.cj.jdbc.ClientPreparedStatement.executeBatchSerially(ClientPreparedStatement.java:864)
	... 16 more
25/02/27 09:57:06 ERROR Executor: Exception in task 0.0 in stage 2.0 (TID 2)
java.sql.BatchUpdateException: Incorrect string value: '\xEA\xB5\x90\xED\x86\xB5...' for column 'category_01' at row 1
	at com.mysql.cj.jdbc.exceptions.SQLError.createBatchUpdateException(SQLError.java:214)
	at com.mysql.cj.jdbc.ClientPreparedStatement.executeBatchSerially(ClientPreparedStatement.java:885)
	at com.mysql.cj.jdbc.ClientPreparedStatement.executeBatchInternal(ClientPreparedStatement.java:466)
	at com.mysql.cj.jdbc.StatementImpl.executeBatch(StatementImpl.java:858)
	at org.apache.spark.sql.execution.datasources.jdbc.JdbcUtils$.savePartition(JdbcUtils.scala:692)
	at org.apache.spark.sql.execution.datasources.jdbc.JdbcUtils$.$anonfun$saveTable$1(JdbcUtils.scala:856)
	at org.apache.spark.sql.execution.datasources.jdbc.JdbcUtils$.$anonfun$saveTable$1$adapted(JdbcUtils.scala:854)
	at org.apache.spark.rdd.RDD.$anonfun$foreachPartition$2(RDD.scala:1020)
	at org.apache.spark.rdd.RDD.$anonfun$foreachPartition$2$adapted(RDD.scala:1020)
	at org.apache.spark.SparkContext.$anonfun$runJob$5(SparkContext.scala:2236)
	at org.apache.spark.scheduler.ResultTask.runTask(ResultTask.scala:90)
	at org.apache.spark.scheduler.Task.run(Task.scala:131)
	at org.apache.spark.executor.Executor$TaskRunner.$anonfun$run$3(Executor.scala:497)
	at org.apache.spark.util.Utils$.tryWithSafeFinally(Utils.scala:1439)
	at org.apache.spark.executor.Executor$TaskRunner.run(Executor.scala:500)
	at java.util.concurrent.ThreadPoolExecutor.runWorker(ThreadPoolExecutor.java:1149)
	at java.util.concurrent.ThreadPoolExecutor$Worker.run(ThreadPoolExecutor.java:624)
	at java.lang.Thread.run(Thread.java:750)
Caused by: java.sql.SQLException: Incorrect string value: '\xEA\xB5\x90\xED\x86\xB5...' for column 'category_01' at row 1
	at com.mysql.cj.jdbc.exceptions.SQLError.createSQLException(SQLError.java:121)
	at com.mysql.cj.jdbc.exceptions.SQLExceptionsMapping.translateException(SQLExceptionsMapping.java:114)
	at com.mysql.cj.jdbc.ClientPreparedStatement.executeInternal(ClientPreparedStatement.java:990)
	at com.mysql.cj.jdbc.ClientPreparedStatement.executeUpdateInternal(ClientPreparedStatement.java:1168)
	at com.mysql.cj.jdbc.ClientPreparedStatement.executeBatchSerially(ClientPreparedStatement.java:864)
	... 16 more
25/02/27 09:57:06 WARN TaskSetManager: Lost task 2.0 in stage 2.0 (TID 4) (ip-172-31-11-83.ap-northeast-3.compute.internal executor driver): java.sql.BatchUpdateException: Incorrect string value: '\xEA\xB5\x90\xED\x86\xB5...' for column 'category_01' at row 1
	at com.mysql.cj.jdbc.exceptions.SQLError.createBatchUpdateException(SQLError.java:214)
	at com.mysql.cj.jdbc.ClientPreparedStatement.executeBatchSerially(ClientPreparedStatement.java:885)
	at com.mysql.cj.jdbc.ClientPreparedStatement.executeBatchInternal(ClientPreparedStatement.java:466)
	at com.mysql.cj.jdbc.StatementImpl.executeBatch(StatementImpl.java:858)
	at org.apache.spark.sql.execution.datasources.jdbc.JdbcUtils$.savePartition(JdbcUtils.scala:692)
	at org.apache.spark.sql.execution.datasources.jdbc.JdbcUtils$.$anonfun$saveTable$1(JdbcUtils.scala:856)
	at org.apache.spark.sql.execution.datasources.jdbc.JdbcUtils$.$anonfun$saveTable$1$adapted(JdbcUtils.scala:854)
	at org.apache.spark.rdd.RDD.$anonfun$foreachPartition$2(RDD.scala:1020)
	at org.apache.spark.rdd.RDD.$anonfun$foreachPartition$2$adapted(RDD.scala:1020)
	at org.apache.spark.SparkContext.$anonfun$runJob$5(SparkContext.scala:2236)
	at org.apache.spark.scheduler.ResultTask.runTask(ResultTask.scala:90)
	at org.apache.spark.scheduler.Task.run(Task.scala:131)
	at org.apache.spark.executor.Executor$TaskRunner.$anonfun$run$3(Executor.scala:497)
	at org.apache.spark.util.Utils$.tryWithSafeFinally(Utils.scala:1439)
	at org.apache.spark.executor.Executor$TaskRunner.run(Executor.scala:500)
	at java.util.concurrent.ThreadPoolExecutor.runWorker(ThreadPoolExecutor.java:1149)
	at java.util.concurrent.ThreadPoolExecutor$Worker.run(ThreadPoolExecutor.java:624)
	at java.lang.Thread.run(Thread.java:750)
Caused by: java.sql.SQLException: Incorrect string value: '\xEA\xB5\x90\xED\x86\xB5...' for column 'category_01' at row 1
	at com.mysql.cj.jdbc.exceptions.SQLError.createSQLException(SQLError.java:121)
	at com.mysql.cj.jdbc.exceptions.SQLExceptionsMapping.translateException(SQLExceptionsMapping.java:114)
	at com.mysql.cj.jdbc.ClientPreparedStatement.executeInternal(ClientPreparedStatement.java:990)
	at com.mysql.cj.jdbc.ClientPreparedStatement.executeUpdateInternal(ClientPreparedStatement.java:1168)
	at com.mysql.cj.jdbc.ClientPreparedStatement.executeBatchSerially(ClientPreparedStatement.java:864)
	... 16 more

25/02/27 09:57:06 ERROR TaskSetManager: Task 2 in stage 2.0 failed 1 times; aborting job
25/02/27 09:57:06 WARN TaskSetManager: Lost task 4.0 in stage 2.0 (TID 6) (ip-172-31-11-83.ap-northeast-3.compute.internal executor driver): TaskKilled (Stage cancelled)
25/02/27 09:57:06 WARN TaskSetManager: Lost task 7.0 in stage 2.0 (TID 9) (ip-172-31-11-83.ap-northeast-3.compute.internal executor driver): TaskKilled (Stage cancelled)
25/02/27 09:57:06 WARN TaskSetManager: Lost task 5.0 in stage 2.0 (TID 7) (ip-172-31-11-83.ap-northeast-3.compute.internal executor driver): TaskKilled (Stage cancelled)
25/02/27 09:57:06 WARN TaskSetManager: Lost task 6.0 in stage 2.0 (TID 8) (ip-172-31-11-83.ap-northeast-3.compute.internal executor driver): TaskKilled (Stage cancelled)
[I 2025-02-27 09:58:46.074 ServerApp] Saving file at /EB/JSON_car_horn.ipynb
[Stage 3:==>                                                      (4 + 4) / 100][Stage 3:====>                                                    (8 + 4) / 100][Stage 3:======>                                                 (12 + 4) / 100][Stage 3:========>                                               (15 + 5) / 100][Stage 3:===========>                                            (20 + 4) / 100][Stage 3:=============>                                          (24 + 4) / 100][Stage 3:================>                                       (29 + 4) / 100][Stage 3:==================>                                     (33 + 4) / 100][Stage 3:====================>                                   (37 + 4) / 100][Stage 3:=======================>                                (42 + 4) / 100][Stage 3:=========================>                              (46 + 4) / 100][Stage 3:============================>                           (50 + 4) / 100][Stage 3:==============================>                         (55 + 4) / 100][Stage 3:=================================>                      (59 + 4) / 100][Stage 3:===================================>                    (64 + 4) / 100][Stage 3:======================================>                 (68 + 4) / 100][Stage 3:=========================================>              (74 + 4) / 100][Stage 3:===========================================>            (77 + 4) / 100][Stage 3:==============================================>         (83 + 4) / 100][Stage 3:================================================>       (87 + 4) / 100][Stage 3:===================================================>    (92 + 4) / 100][Stage 3:======================================================> (97 + 3) / 100]                                                                                [I 2025-02-27 10:00:46.050 ServerApp] Saving file at /EB/JSON_car_horn.ipynb
[Stage 4:=================>                                      (32 + 4) / 100][Stage 4:========================>                               (44 + 4) / 100][Stage 4:=================================>                      (59 + 4) / 100][Stage 4:=======================================>                (71 + 4) / 100][Stage 4:===============================================>        (84 + 4) / 100][Stage 4:======================================================> (97 + 3) / 100]                                                                                [I 2025-02-27 10:01:45.252 ServerApp] Saving file at /EB/JSON_car_horn.ipynb
[I 2025-02-27 10:01:46.868 ServerApp] Saving file at /EB/JSON_car_horn.ipynb
[I 2025-02-27 10:01:48.360 ServerApp] Starting buffering for 937dc123-da16-4f03-aba9-b3e42b15c755:d86ea8a7767c4c5e88a16d813bf917d0
[I 2025-02-27 10:01:54.642 ServerApp] Kernel started: 393cc4a4-86ad-4c60-b0ae-b7158b738493
25/02/27 10:01:59 WARN NativeCodeLoader: Unable to load native-hadoop library for your platform... using builtin-java classes where applicable
Using Spark's default log4j profile: org/apache/spark/log4j-defaults.properties
Setting default log level to "WARN".
To adjust logging level use sc.setLogLevel(newLevel). For SparkR, use setLogLevel(newLevel).
[Stage 0:>                                                          (0 + 1) / 1]                                                                                [Stage 1:==============>                                          (16 + 4) / 63][Stage 1:=======================>                                 (26 + 4) / 63][Stage 1:=================================>                       (37 + 4) / 63][Stage 1:===========================================>             (48 + 4) / 63][Stage 1:===================================================>     (57 + 4) / 63]                                                                                25/02/27 10:02:47 WARN package: Truncated the string representation of a plan since it was too large. This behavior can be adjusted by setting 'spark.sql.debug.maxToStringFields'.
[Stage 4:==>                                                       (3 + 4) / 63][Stage 4:=====>                                                    (6 + 4) / 63][Stage 4:=======>                                                  (8 + 4) / 63][Stage 4:==========>                                              (12 + 4) / 63][Stage 4:=============>                                           (15 + 4) / 63][Stage 4:=================>                                       (19 + 4) / 63][Stage 4:====================>                                    (23 + 4) / 63][Stage 4:========================>                                (27 + 4) / 63][Stage 4:============================>                            (31 + 4) / 63][Stage 4:================================>                        (36 + 4) / 63][Stage 4:====================================>                    (40 + 4) / 63][Stage 4:=======================================>                 (44 + 4) / 63][Stage 4:===========================================>             (48 + 4) / 63][Stage 4:===============================================>         (53 + 4) / 63][Stage 4:====================================================>    (58 + 4) / 63]                                                                                [I 2025-02-27 10:03:54.666 ServerApp] Saving file at /EB/JSON_car_siren.ipynb
[W 2025-02-27 10:41:06.190 ServerApp] Notebook EB/JSON_car_siren.ipynb is not trusted
[W 2025-02-27 10:41:19.613 ServerApp] Notebook EB/JSON_car_siren.ipynb is not trusted
[W 2025-02-27 10:41:25.326 ServerApp] Notebook EB/JSON_car_siren.ipynb is not trusted
[I 2025-02-27 10:42:15.285 ServerApp] Starting buffering for a642711e-2402-473f-b45a-fb026b101140:384bb7f4a80a493292cf72892c46e3ba
[I 2025-02-27 10:42:18.929 ServerApp] Saving file at /EB/JSON_car_siren.ipynb
[W 2025-02-27 10:42:18.929 ServerApp] Notebook EB/JSON_car_siren.ipynb is not trusted
[I 2025-02-27 10:42:21.793 ServerApp] Starting buffering for 393cc4a4-86ad-4c60-b0ae-b7158b738493:ccc4428c937c46338b3a9fc7305bae2d
[I 2025-02-27 11:05:18.446 ServerApp] Creating new notebook in /EB
[I 2025-02-27 11:05:23.096 ServerApp] Kernel started: 8f9467d7-dc35-415a-9a33-05584a6304d6
[I 2025-02-27 11:05:25.304 ServerApp] Starting buffering for 8f9467d7-dc35-415a-9a33-05584a6304d6:25f50bf7325b4e5f8c04ada5dfc50722
[W 2025-02-27 11:05:34.820 ServerApp] Notebook EB/JSON_car_horn.ipynb is not trusted
[I 2025-02-27 11:06:24.897 ServerApp] Starting buffering for 937dc123-da16-4f03-aba9-b3e42b15c755:173f46dd680c409a941c0f1ae2e81f01
[I 2025-02-27 11:06:27.536 ServerApp] Kernel restarted: 937dc123-da16-4f03-aba9-b3e42b15c755
[I 2025-02-27 11:06:27.595 ServerApp] Restoring connection for 937dc123-da16-4f03-aba9-b3e42b15c755:173f46dd680c409a941c0f1ae2e81f01
[I 2025-02-27 11:06:27.596 ServerApp] Replaying 1 buffered messages
[I 2025-02-27 11:07:35.532 ServerApp] Saving file at /EB/JSON_car_horn.ipynb
[W 2025-02-27 11:07:35.532 ServerApp] Notebook EB/JSON_car_horn.ipynb is not trusted
25/02/27 11:07:39 WARN NativeCodeLoader: Unable to load native-hadoop library for your platform... using builtin-java classes where applicable
Using Spark's default log4j profile: org/apache/spark/log4j-defaults.properties
Setting default log level to "WARN".
To adjust logging level use sc.setLogLevel(newLevel). For SparkR, use setLogLevel(newLevel).
25/02/27 11:07:40 WARN Utils: Service 'SparkUI' could not bind on port 4040. Attempting port 4041.
[Stage 0:>                                                          (0 + 1) / 1]                                                                                [Stage 1:======>                                                 (12 + 4) / 100][Stage 1:===========>                                            (20 + 4) / 100][Stage 1:================>                                       (30 + 4) / 100][Stage 1:======================>                                 (40 + 4) / 100][Stage 1:============================>                           (51 + 4) / 100][Stage 1:===================================>                    (63 + 4) / 100][Stage 1:=========================================>              (74 + 4) / 100][Stage 1:===============================================>        (84 + 4) / 100][Stage 1:=====================================================>  (95 + 4) / 100]                                                                                25/02/27 11:08:50 WARN package: Truncated the string representation of a plan since it was too large. This behavior can be adjusted by setting 'spark.sql.debug.maxToStringFields'.
[I 2025-02-27 11:09:35.531 ServerApp] Saving file at /EB/JSON_car_horn.ipynb
[I 2025-02-27 11:15:16.354 ServerApp] Creating new notebook in 
[I 2025-02-27 11:15:17.753 ServerApp] Kernel started: 38b0b920-1fc1-44cc-b3f6-57a2449883e3
[I 2025-02-27 11:15:37.963 ServerApp] Starting buffering for 38b0b920-1fc1-44cc-b3f6-57a2449883e3:ab5f23fb324b4c3c83069fb8f27c4fe0
[I 2025-02-27 11:16:36.290 ServerApp] Starting buffering for 38b0b920-1fc1-44cc-b3f6-57a2449883e3:c2f55fca00264b8281d9e55857a7e045
[I 2025-02-27 11:16:53.309 ServerApp] Kernel shutdown: 38b0b920-1fc1-44cc-b3f6-57a2449883e3
[W 2025-02-27 11:16:53.312 ServerApp] delete /config.py.ipynb
[I 2025-02-27 11:17:24.370 ServerApp] Creating new file in 
[I 2025-02-27 11:18:26.465 ServerApp] Saving file at /config.py
[I 2025-02-27 11:19:16.333 ServerApp] 302 GET / (175.118.53.87) 0.49ms
[I 2025-02-27 11:19:16.727 ServerApp] 302 GET / (175.118.53.87) 0.45ms
[W 2025-02-27 11:19:20.397 LabApp] Could not determine jupyterlab build status without nodejs
[W 2025-02-27 11:19:20.842 ServerApp] 404 GET /api/contents/git/noise-data-platform/EB/model_test.ipynb?content=0&1740622760803 (175.118.53.87): No such file or directory: git/noise-data-platform/EB/model_test.ipynb
[W 2025-02-27 11:19:20.843 ServerApp] No such file or directory: git/noise-data-platform/EB/model_test.ipynb
[W 2025-02-27 11:19:20.844 ServerApp] 404 GET /api/contents/git/noise-data-platform/EB/model_test.ipynb?content=0&1740622760803 (175.118.53.87) 2.05ms referer=http://15.168.145.74:8905/lab?
[W 2025-02-27 11:19:21.929 ServerApp] 404 GET /api/contents/git/noise-data-platform/EB?1740622761900 (175.118.53.87): No such file or directory: git/noise-data-platform/EB
[W 2025-02-27 11:19:21.929 ServerApp] No such file or directory: git/noise-data-platform/EB
[W 2025-02-27 11:19:21.931 ServerApp] 404 GET /api/contents/git/noise-data-platform/EB?1740622761900 (175.118.53.87) 2.66ms referer=http://15.168.145.74:8905/lab?
[I 2025-02-27 11:19:37.769 ServerApp] Creating new notebook in /EB
[I 2025-02-27 11:19:38.238 ServerApp] Kernel started: 8a32d787-3cab-4403-a278-6d9555b96d18
[W 2025-02-27 11:20:13.983 LabApp] Could not determine jupyterlab build status without nodejs
[I 2025-02-27 11:21:38.080 ServerApp] Saving file at /EB/Untitled1.ipynb
[I 2025-02-27 11:23:17.629 ServerApp] Kernel restarted: 8a32d787-3cab-4403-a278-6d9555b96d18
[I 2025-02-27 11:23:38.172 ServerApp] Saving file at /EB/Untitled1.ipynb
[I 2025-02-27 11:25:38.256 ServerApp] Saving file at /EB/Untitled1.ipynb
[I 2025-02-27 11:32:39.974 ServerApp] Starting buffering for 8f9467d7-dc35-415a-9a33-05584a6304d6:ef431851-0e63-4244-8c52-fe8c460e4d93
[W 2025-02-27 11:34:01.894 ServerApp] 404 GET /api/contents/EB/Untitled1.ipynb?content=0&1740623641859 (175.118.53.87): No such file or directory: EB/Untitled1.ipynb
[W 2025-02-27 11:34:01.895 ServerApp] No such file or directory: EB/Untitled1.ipynb
[W 2025-02-27 11:34:01.895 ServerApp] 404 GET /api/contents/EB/Untitled1.ipynb?content=0&1740623641859 (175.118.53.87) 1.17ms referer=http://15.168.145.74:8905/lab/workspaces/auto-H/tree/EB/Untitled1.ipynb
[I 2025-02-27 11:34:01.933 ServerApp] Uploading file to /EB/Untitled1.ipynb
[I 2025-02-27 11:35:21.422 ServerApp] Starting buffering for 937dc123-da16-4f03-aba9-b3e42b15c755:173f46dd680c409a941c0f1ae2e81f01
[I 2025-02-27 11:35:24.059 ServerApp] Kernel restarted: 937dc123-da16-4f03-aba9-b3e42b15c755
[I 2025-02-27 11:35:24.127 ServerApp] Restoring connection for 937dc123-da16-4f03-aba9-b3e42b15c755:173f46dd680c409a941c0f1ae2e81f01
[I 2025-02-27 11:35:24.127 ServerApp] Replaying 1 buffered messages
25/02/27 11:35:28 WARN NativeCodeLoader: Unable to load native-hadoop library for your platform... using builtin-java classes where applicable
Using Spark's default log4j profile: org/apache/spark/log4j-defaults.properties
Setting default log level to "WARN".
To adjust logging level use sc.setLogLevel(newLevel). For SparkR, use setLogLevel(newLevel).
25/02/27 11:35:29 WARN Utils: Service 'SparkUI' could not bind on port 4040. Attempting port 4041.
[I 2025-02-27 11:35:35.650 ServerApp] Saving file at /EB/JSON_car_horn.ipynb
[Stage 0:>                                                          (0 + 1) / 1]                                                                                [Stage 1:==========>                                             (19 + 4) / 100][Stage 1:================>                                       (30 + 4) / 100][Stage 1:======================>                                 (40 + 4) / 100][Stage 1:============================>                           (50 + 4) / 100][Stage 1:==================================>                     (61 + 5) / 100][Stage 1:========================================>               (72 + 4) / 100][Stage 1:==============================================>         (83 + 4) / 100][Stage 1:====================================================>   (94 + 4) / 100]                                                                                25/02/27 11:36:35 WARN package: Truncated the string representation of a plan since it was too large. This behavior can be adjusted by setting 'spark.sql.debug.maxToStringFields'.
[Stage 4:==>                                                      (4 + 4) / 100][Stage 4:===>                                                     (6 + 4) / 100][Stage 4:=====>                                                   (9 + 4) / 100][Stage 4:=======>                                                (13 + 4) / 100][Stage 4:=========>                                              (17 + 4) / 100][Stage 4:===========>                                            (21 + 4) / 100][Stage 4:==============>                                         (26 + 4) / 100][Stage 4:================>                                       (30 + 4) / 100][Stage 4:===================>                                    (34 + 4) / 100][Stage 4:=====================>                                  (38 + 4) / 100][Stage 4:=======================>                                (42 + 4) / 100][Stage 4:==========================>                             (48 + 4) / 100][Stage 4:=============================>                          (53 + 4) / 100][Stage 4:===============================>                        (57 + 4) / 100][Stage 4:==================================>                     (62 + 4) / 100][Stage 4:====================================>                   (66 + 4) / 100][Stage 4:========================================>               (72 + 4) / 100][Stage 4:==========================================>             (76 + 4) / 100][Stage 4:=============================================>          (81 + 4) / 100][Stage 4:===============================================>        (85 + 4) / 100][Stage 4:==================================================>     (91 + 4) / 100][Stage 4:=====================================================>  (95 + 4) / 100]                                                                                [I 2025-02-27 11:37:35.621 ServerApp] Saving file at /EB/JSON_car_horn.ipynb
[I 2025-02-27 11:43:36.002 ServerApp] Saving file at /EB/JSON_car_horn.ipynb
[W 2025-02-27 13:13:59.551 ServerApp] 404 GET /api/contents/git/noise-data-platform/EB?content=1&1740629639210 (118.219.28.24): No such file or directory: git/noise-data-platform/EB
[W 2025-02-27 13:13:59.551 ServerApp] No such file or directory: git/noise-data-platform/EB
[W 2025-02-27 13:13:59.551 ServerApp] 404 GET /api/contents/git/noise-data-platform/EB?content=1&1740629639210 (118.219.28.24) 0.87ms referer=http://15.168.145.74:8905/lab/tree/git/noise-data-platform/EB/model_test.ipynb
[W 2025-02-27 13:15:58.897 ServerApp] 404 GET /api/contents/config.py?content=0&1740629758864 (175.118.53.87): No such file or directory: config.py
[W 2025-02-27 13:15:58.898 ServerApp] No such file or directory: config.py
[W 2025-02-27 13:15:58.898 ServerApp] 404 GET /api/contents/config.py?content=0&1740629758864 (175.118.53.87) 1.15ms referer=http://15.168.145.74:8905/lab/tree/config.py
[I 2025-02-27 13:15:58.929 ServerApp] Uploading file to /config.py
[I 2025-02-27 13:16:00.738 ServerApp] Saving file at /EB/config.ipynb
[I 2025-02-27 13:17:35.533 ServerApp] Saving file at /EB/JSON_car_horn.ipynb
[I 2025-02-27 13:18:09.731 ServerApp] Starting buffering for 937dc123-da16-4f03-aba9-b3e42b15c755:173f46dd680c409a941c0f1ae2e81f01
[I 2025-02-27 13:18:12.377 ServerApp] Kernel restarted: 937dc123-da16-4f03-aba9-b3e42b15c755
[I 2025-02-27 13:18:12.450 ServerApp] Restoring connection for 937dc123-da16-4f03-aba9-b3e42b15c755:173f46dd680c409a941c0f1ae2e81f01
[I 2025-02-27 13:18:12.450 ServerApp] Replaying 1 buffered messages
[I 2025-02-27 13:18:25.577 ServerApp] Starting buffering for 937dc123-da16-4f03-aba9-b3e42b15c755:173f46dd680c409a941c0f1ae2e81f01
[W 2025-02-27 13:18:35.153 ServerApp] Notebook EB/JSON_car_horn.ipynb is not trusted
[W 2025-02-27 13:18:36.827 ServerApp] Notebook EB/JSON_car_siren.ipynb is not trusted
[W 2025-02-27 13:18:38.615 ServerApp] Notebook EB/JSON_car_driving_sound.ipynb is not trusted
[I 2025-02-27 13:18:39.175 ServerApp] Kernel started: 2cfeeb08-30c6-4050-899a-33b7a97c816d
[W 2025-02-27 13:18:39.863 ServerApp] Notebook EB/JSON_motorcycle_horn_driving.ipynb is not trusted
[I 2025-02-27 13:18:40.975 ServerApp] Kernel started: 097585d6-7580-4e59-b9e5-f2453a6fa9ca
25/02/27 13:19:25 WARN JavaUtils: Attempt to delete using native Unix OS command failed for path = /tmp/blockmgr-6290ff9d-4445-4e7c-bd38-2f23e5fb7e51. Falling back to Java IO way
java.io.IOException: Failed to delete: /tmp/blockmgr-6290ff9d-4445-4e7c-bd38-2f23e5fb7e51
	at org.apache.spark.network.util.JavaUtils.deleteRecursivelyUsingUnixNative(JavaUtils.java:171)
	at org.apache.spark.network.util.JavaUtils.deleteRecursively(JavaUtils.java:110)
	at org.apache.spark.network.util.JavaUtils.deleteRecursively(JavaUtils.java:91)
	at org.apache.spark.util.Utils$.deleteRecursively(Utils.scala:1141)
	at org.apache.spark.storage.DiskBlockManager.$anonfun$doStop$1(DiskBlockManager.scala:182)
	at org.apache.spark.storage.DiskBlockManager.$anonfun$doStop$1$adapted(DiskBlockManager.scala:178)
	at scala.collection.IndexedSeqOptimized.foreach(IndexedSeqOptimized.scala:36)
	at scala.collection.IndexedSeqOptimized.foreach$(IndexedSeqOptimized.scala:33)
	at scala.collection.mutable.ArrayOps$ofRef.foreach(ArrayOps.scala:198)
	at org.apache.spark.storage.DiskBlockManager.doStop(DiskBlockManager.scala:178)
	at org.apache.spark.storage.DiskBlockManager.stop(DiskBlockManager.scala:173)
	at org.apache.spark.storage.BlockManager.stop(BlockManager.scala:1931)
	at org.apache.spark.SparkEnv.stop(SparkEnv.scala:92)
	at org.apache.spark.SparkContext.$anonfun$stop$23(SparkContext.scala:2108)
	at org.apache.spark.util.Utils$.tryLogNonFatalError(Utils.scala:1419)
	at org.apache.spark.SparkContext.stop(SparkContext.scala:2108)
	at org.apache.spark.SparkContext.$anonfun$new$37(SparkContext.scala:661)
	at org.apache.spark.util.SparkShutdownHook.run(ShutdownHookManager.scala:214)
	at org.apache.spark.util.SparkShutdownHookManager.$anonfun$runAll$2(ShutdownHookManager.scala:188)
	at scala.runtime.java8.JFunction0$mcV$sp.apply(JFunction0$mcV$sp.java:23)
	at org.apache.spark.util.Utils$.logUncaughtExceptions(Utils.scala:1996)
	at org.apache.spark.util.SparkShutdownHookManager.$anonfun$runAll$1(ShutdownHookManager.scala:188)
	at scala.runtime.java8.JFunction0$mcV$sp.apply(JFunction0$mcV$sp.java:23)
	at scala.util.Try$.apply(Try.scala:213)
	at org.apache.spark.util.SparkShutdownHookManager.runAll(ShutdownHookManager.scala:188)
	at org.apache.spark.util.SparkShutdownHookManager$$anon$2.run(ShutdownHookManager.scala:178)
	at java.util.concurrent.Executors$RunnableAdapter.call(Executors.java:511)
	at java.util.concurrent.FutureTask.run(FutureTask.java:266)
	at java.util.concurrent.ThreadPoolExecutor.runWorker(ThreadPoolExecutor.java:1149)
	at java.util.concurrent.ThreadPoolExecutor$Worker.run(ThreadPoolExecutor.java:624)
	at java.lang.Thread.run(Thread.java:750)
[I 2025-02-27 13:19:28.434 ServerApp] Kernel restarted: 393cc4a4-86ad-4c60-b0ae-b7158b738493
[I 2025-02-27 13:19:28.464 ServerApp] Starting buffering for 393cc4a4-86ad-4c60-b0ae-b7158b738493:aeb191dc-f110-4dd1-aa29-e1ef92c3f43c
[I 2025-02-27 13:19:28.507 ServerApp] Restoring connection for 393cc4a4-86ad-4c60-b0ae-b7158b738493:aeb191dc-f110-4dd1-aa29-e1ef92c3f43c
25/02/27 13:19:33 WARN NativeCodeLoader: Unable to load native-hadoop library for your platform... using builtin-java classes where applicable
Using Spark's default log4j profile: org/apache/spark/log4j-defaults.properties
Setting default log level to "WARN".
To adjust logging level use sc.setLogLevel(newLevel). For SparkR, use setLogLevel(newLevel).
[I 2025-02-27 13:20:37.244 ServerApp] Saving file at /EB/JSON_car_siren.ipynb
[W 2025-02-27 13:20:37.245 ServerApp] Notebook EB/JSON_car_siren.ipynb is not trusted
[I 2025-02-27 13:21:14.705 ServerApp] Saving file at /EB/config.py
[I 2025-02-27 13:21:18.104 ServerApp] Saving file at /EB/config.py
25/02/27 13:21:27 WARN NativeCodeLoader: Unable to load native-hadoop library for your platform... using builtin-java classes where applicable
Using Spark's default log4j profile: org/apache/spark/log4j-defaults.properties
Setting default log level to "WARN".
To adjust logging level use sc.setLogLevel(newLevel). For SparkR, use setLogLevel(newLevel).
25/02/27 13:21:28 WARN Utils: Service 'SparkUI' could not bind on port 4040. Attempting port 4041.
[I 2025-02-27 13:21:57.301 ServerApp] Kernel restarted: 393cc4a4-86ad-4c60-b0ae-b7158b738493
[I 2025-02-27 13:21:57.340 ServerApp] Starting buffering for 393cc4a4-86ad-4c60-b0ae-b7158b738493:aeb191dc-f110-4dd1-aa29-e1ef92c3f43c
[I 2025-02-27 13:21:57.370 ServerApp] Restoring connection for 393cc4a4-86ad-4c60-b0ae-b7158b738493:aeb191dc-f110-4dd1-aa29-e1ef92c3f43c
25/02/27 13:22:01 WARN NativeCodeLoader: Unable to load native-hadoop library for your platform... using builtin-java classes where applicable
Using Spark's default log4j profile: org/apache/spark/log4j-defaults.properties
Setting default log level to "WARN".
To adjust logging level use sc.setLogLevel(newLevel). For SparkR, use setLogLevel(newLevel).
[I 2025-02-27 13:22:35.702 ServerApp] Saving file at /EB/JSON_car_horn.ipynb
[W 2025-02-27 13:22:35.702 ServerApp] Notebook EB/JSON_car_horn.ipynb is not trusted
[I 2025-02-27 13:22:37.340 ServerApp] Saving file at /EB/JSON_car_siren.ipynb
[W 2025-02-27 13:22:37.341 ServerApp] Notebook EB/JSON_car_siren.ipynb is not trusted
[Stage 0:>                                                          (0 + 1) / 1][Stage 0:>                                                          (0 + 1) / 1][I 2025-02-27 13:24:35.796 ServerApp] Saving file at /EB/JSON_car_horn.ipynb
[W 2025-02-27 13:24:35.796 ServerApp] Notebook EB/JSON_car_horn.ipynb is not trusted
[I 2025-02-27 13:24:37.445 ServerApp] Saving file at /EB/JSON_car_siren.ipynb
[W 2025-02-27 13:24:37.445 ServerApp] Notebook EB/JSON_car_siren.ipynb is not trusted
[I 2025-02-27 13:24:40.567 ServerApp] Kernel restarted: 393cc4a4-86ad-4c60-b0ae-b7158b738493
[I 2025-02-27 13:24:40.594 ServerApp] Starting buffering for 393cc4a4-86ad-4c60-b0ae-b7158b738493:aeb191dc-f110-4dd1-aa29-e1ef92c3f43c
[I 2025-02-27 13:24:40.633 ServerApp] Restoring connection for 393cc4a4-86ad-4c60-b0ae-b7158b738493:aeb191dc-f110-4dd1-aa29-e1ef92c3f43c
[Stage 0:>                                                          (0 + 1) / 1]                                                                                25/02/27 13:24:45 WARN NativeCodeLoader: Unable to load native-hadoop library for your platform... using builtin-java classes where applicable
Using Spark's default log4j profile: org/apache/spark/log4j-defaults.properties
Setting default log level to "WARN".
To adjust logging level use sc.setLogLevel(newLevel). For SparkR, use setLogLevel(newLevel).
[Stage 0:>                                                          (0 + 1) / 1]                                                                                [Stage 1:==========>                                              (12 + 4) / 63][Stage 1:==================>                                      (20 + 4) / 63][Stage 1:============================>                            (32 + 4) / 63][Stage 1:====================================>                    (40 + 5) / 63][Stage 1:===============================================>         (53 + 4) / 63]                                                                                25/02/27 13:25:31 WARN package: Truncated the string representation of a plan since it was too large. This behavior can be adjusted by setting 'spark.sql.debug.maxToStringFields'.
[Stage 4:===>                                                      (4 + 4) / 63][Stage 4:=====>                                                    (6 + 4) / 63][Stage 4:=========>                                               (10 + 4) / 63][Stage 4:===========>                                             (13 + 4) / 63][Stage 4:===============>                                         (17 + 4) / 63][Stage 4:===================>                                     (21 + 4) / 63][Stage 4:======================>                                  (25 + 4) / 63][Stage 4:============================>                            (31 + 4) / 63][Stage 4:===============================>                         (35 + 4) / 63][Stage 4:====================================>                    (40 + 4) / 63][Stage 4:=======================================>                 (44 + 4) / 63][Stage 4:===========================================>             (48 + 4) / 63][Stage 4:===============================================>         (53 + 4) / 63][Stage 4:====================================================>    (58 + 4) / 63]                                                                                [I 2025-02-27 13:26:35.918 ServerApp] Saving file at /EB/JSON_car_horn.ipynb
[W 2025-02-27 13:26:35.918 ServerApp] Notebook EB/JSON_car_horn.ipynb is not trusted
[I 2025-02-27 13:26:37.541 ServerApp] Saving file at /EB/JSON_car_siren.ipynb
[I 2025-02-27 13:26:53.141 ServerApp] Saving file at /EB/JSON_car_siren.ipynb
25/02/27 13:28:23 WARN NativeCodeLoader: Unable to load native-hadoop library for your platform... using builtin-java classes where applicable
Using Spark's default log4j profile: org/apache/spark/log4j-defaults.properties
Setting default log level to "WARN".
To adjust logging level use sc.setLogLevel(newLevel). For SparkR, use setLogLevel(newLevel).
[Stage 0:>                                                          (0 + 1) / 1][I 2025-02-27 13:28:38.956 ServerApp] Saving file at /EB/JSON_car_driving_sound.ipynb
[W 2025-02-27 13:28:38.957 ServerApp] Notebook EB/JSON_car_driving_sound.ipynb is not trusted
[I 2025-02-27 13:28:40.478 ServerApp] Saving file at /EB/JSON_motorcycle_horn_driving.ipynb
[W 2025-02-27 13:28:40.478 ServerApp] Notebook EB/JSON_motorcycle_horn_driving.ipynb is not trusted
[I 2025-02-27 13:28:53.230 ServerApp] Saving file at /EB/JSON_car_siren.ipynb
                                                                                [Stage 1:=============>                                           (13 + 4) / 53][Stage 1:=======================>                                 (22 + 4) / 53][Stage 1:===================================>                     (33 + 4) / 53][Stage 1:==============================================>          (43 + 4) / 53]                                                                                25/02/27 13:29:01 WARN package: Truncated the string representation of a plan since it was too large. This behavior can be adjusted by setting 'spark.sql.debug.maxToStringFields'.
[Stage 4:============>                                            (12 + 4) / 53][Stage 4:======================>                                  (21 + 4) / 53][Stage 4:==============================>                          (28 + 4) / 53][Stage 4:======================================>                  (36 + 4) / 53][Stage 4:===============================================>         (44 + 4) / 53]                                                                                [Stage 6:====>                                                     (4 + 4) / 53][Stage 6:========>                                                 (8 + 4) / 53][Stage 6:===========>                                             (11 + 4) / 53][Stage 6:================>                                        (15 + 5) / 53][Stage 6:===================>                                     (18 + 4) / 53][Stage 6:========================>                                (23 + 4) / 53][Stage 6:=============================>                           (27 + 4) / 53][Stage 6:==================================>                      (32 + 4) / 53][Stage 6:======================================>                  (36 + 4) / 53][Stage 6:============================================>            (41 + 4) / 53][Stage 6:==================================================>      (47 + 4) / 53][Stage 6:=======================================================> (52 + 1) / 53]                                                                                25/02/27 13:30:13 WARN NativeCodeLoader: Unable to load native-hadoop library for your platform... using builtin-java classes where applicable
Using Spark's default log4j profile: org/apache/spark/log4j-defaults.properties
Setting default log level to "WARN".
To adjust logging level use sc.setLogLevel(newLevel). For SparkR, use setLogLevel(newLevel).
[Stage 0:>                                                          (0 + 1) / 1][I 2025-02-27 13:30:39.078 ServerApp] Saving file at /EB/JSON_car_driving_sound.ipynb
[I 2025-02-27 13:30:40.591 ServerApp] Saving file at /EB/JSON_motorcycle_horn_driving.ipynb
[W 2025-02-27 13:30:40.592 ServerApp] Notebook EB/JSON_motorcycle_horn_driving.ipynb is not trusted
[Stage 0:>                                                          (0 + 1) / 1]                                                                                25/02/27 13:32:15 WARN package: Truncated the string representation of a plan since it was too large. This behavior can be adjusted by setting 'spark.sql.debug.maxToStringFields'.
[Stage 2:===>                                                    (10 + 4) / 143][Stage 2:======>                                                 (16 + 4) / 143][Stage 2:========>                                               (22 + 4) / 143][Stage 2:===========>                                            (29 + 4) / 143][Stage 2:=============>                                          (35 + 4) / 143][Stage 2:=================>                                      (45 + 4) / 143][Stage 2:====================>                                   (52 + 4) / 143][Stage 2:=======================>                                (60 + 4) / 143][Stage 2:==========================>                             (68 + 4) / 143][Stage 2:=============================>                          (75 + 4) / 143][Stage 2:================================>                       (83 + 4) / 143][Stage 2:===================================>                    (91 + 4) / 143][Stage 2:======================================>                (100 + 4) / 143][Stage 2:=========================================>             (108 + 4) / 143][Stage 2:=============================================>         (119 + 4) / 143][Stage 2:================================================>      (127 + 4) / 143][Stage 2:====================================================>  (136 + 4) / 143]                                                                                [Stage 4:=>                                                       (5 + 4) / 143][Stage 4:===>                                                    (10 + 4) / 143][Stage 4:=====>                                                  (14 + 4) / 143][Stage 4:======>                                                 (17 + 4) / 143][Stage 4:========>                                               (22 + 4) / 143][Stage 4:==========>                                             (26 + 4) / 143][Stage 4:============>                                           (31 + 4) / 143][Stage 4:=============>                                          (35 + 4) / 143][Stage 4:===============>                                        (39 + 4) / 143][Stage 4:=================>                                      (44 + 4) / 143][Stage 4:==================>                                     (48 + 4) / 143][Stage 4:====================>                                   (53 + 4) / 143][Stage 4:======================>                                 (57 + 4) / 143][Stage 4:========================>                               (63 + 4) / 143][Stage 4:==========================>                             (67 + 4) / 143][Stage 4:============================>                           (73 + 4) / 143][Stage 4:==============================>                         (77 + 4) / 143][Stage 4:================================>                       (83 + 4) / 143][Stage 4:==================================>                     (87 + 4) / 143][Stage 4:====================================>                   (93 + 4) / 143][Stage 4:======================================>                 (99 + 4) / 143][Stage 4:========================================>              (104 + 4) / 143][Stage 4:=========================================>             (109 + 4) / 143][Stage 4:===========================================>           (114 + 4) / 143][Stage 4:=============================================>         (119 + 4) / 143][Stage 4:================================================>      (125 + 4) / 143][Stage 4:==================================================>    (131 + 4) / 143][Stage 4:====================================================>  (137 + 4) / 143]                                                                                [I 2025-02-27 13:32:40.698 ServerApp] Saving file at /EB/JSON_motorcycle_horn_driving.ipynb
[W 2025-02-27 13:32:40.699 ServerApp] Notebook EB/JSON_motorcycle_horn_driving.ipynb is not trusted
[Stage 5:>                                                          (0 + 1) / 1][Stage 5:>                                                          (0 + 1) / 1][I 2025-02-27 13:34:40.812 ServerApp] Saving file at /EB/JSON_motorcycle_horn_driving.ipynb
                                                                                [Stage 7:===========>                                            (31 + 4) / 148][Stage 7:===============>                                        (41 + 4) / 148][Stage 7:===================>                                    (52 + 4) / 148][Stage 7:=======================>                                (62 + 4) / 148][Stage 7:===========================>                            (72 + 4) / 148][Stage 7:===============================>                        (83 + 4) / 148][Stage 7:===================================>                    (93 + 4) / 148][Stage 7:=======================================>               (105 + 4) / 148][Stage 7:==========================================>            (115 + 4) / 148][Stage 7:==============================================>        (124 + 4) / 148][Stage 7:==================================================>    (135 + 4) / 148][Stage 7:=====================================================> (144 + 4) / 148]                                                                                [Stage 9:=====>                                                  (14 + 4) / 148][Stage 9:=======>                                                (19 + 4) / 148][Stage 9:=========>                                              (25 + 4) / 148][Stage 9:===========>                                            (31 + 4) / 148][Stage 9:=============>                                          (36 + 4) / 148][Stage 9:===============>                                        (41 + 4) / 148][Stage 9:=================>                                      (47 + 4) / 148][Stage 9:====================>                                   (53 + 4) / 148][Stage 9:=====================>                                  (57 + 4) / 148][Stage 9:=======================>                                (63 + 4) / 148][Stage 9:=========================>                              (68 + 4) / 148][Stage 9:============================>                           (75 + 4) / 148][Stage 9:===============================>                        (82 + 4) / 148][Stage 9:=================================>                      (88 + 4) / 148][Stage 9:===================================>                    (94 + 4) / 148][Stage 9:=====================================>                 (101 + 4) / 148][Stage 9:========================================>              (108 + 4) / 148][Stage 9:==========================================>            (114 + 4) / 148][Stage 9:============================================>          (120 + 4) / 148][Stage 9:==============================================>        (126 + 4) / 148][Stage 9:================================================>      (131 + 4) / 148][Stage 9:==================================================>    (137 + 4) / 148][Stage 9:=====================================================> (143 + 4) / 148]                                                                                [Stage 11:===============>                                       (42 + 4) / 148][Stage 11:=====================>                                 (59 + 4) / 148][Stage 11:===========================>                           (74 + 4) / 148][Stage 11:================================>                      (88 + 4) / 148][Stage 11:======================================>               (106 + 4) / 148][Stage 11:============================================>         (122 + 4) / 148][Stage 11:===================================================>  (140 + 4) / 148]                                                                                [I 2025-02-27 13:35:26.297 ServerApp] Saving file at /EB/JSON_motorcycle_horn_driving.ipynb
[I 2025-02-27 13:35:26.360 ServerApp] Starting buffering for 097585d6-7580-4e59-b9e5-f2453a6fa9ca:4aef1618-8481-41e3-91bd-260868eaf722
[I 2025-02-27 13:35:28.333 ServerApp] Starting buffering for 2cfeeb08-30c6-4050-899a-33b7a97c816d:1c02808f-4202-44d7-b263-645f1d20a981
[I 2025-02-27 13:35:30.319 ServerApp] Starting buffering for 393cc4a4-86ad-4c60-b0ae-b7158b738493:aeb191dc-f110-4dd1-aa29-e1ef92c3f43c
[I 2025-02-27 13:35:35.695 ServerApp] Kernel started: 1e55fa80-ebcf-4202-8ed9-30e22899d846
[IPKernelApp] ERROR | No such comm target registered: jupyter.widget.control
[IPKernelApp] WARNING | No such comm: 256b1afd-7048-4f48-ab07-858be565b793
[IPKernelApp] ERROR | No such comm target registered: jupyter.widget.control
[IPKernelApp] WARNING | No such comm: b461b1c2-cf9d-473e-abf7-3fc72b9c5557
25/02/27 13:36:17 WARN NativeCodeLoader: Unable to load native-hadoop library for your platform... using builtin-java classes where applicable
Using Spark's default log4j profile: org/apache/spark/log4j-defaults.properties
Setting default log level to "WARN".
To adjust logging level use sc.setLogLevel(newLevel). For SparkR, use setLogLevel(newLevel).
[Stage 0:=====>                                                  (13 + 5) / 127][Stage 0:==============>                                         (33 + 4) / 127][Stage 0:======================>                                 (51 + 4) / 127][Stage 0:==============================>                         (70 + 5) / 127][Stage 0:========================================>               (91 + 4) / 127][Stage 0:================================================>      (111 + 4) / 127]                                                                                [Stage 2:========================================>               (92 + 4) / 127][Stage 2:===================================================>   (118 + 5) / 127]                                                                                25/02/27 13:37:31 WARN package: Truncated the string representation of a plan since it was too large. This behavior can be adjusted by setting 'spark.sql.debug.maxToStringFields'.
[I 2025-02-27 13:37:35.184 ServerApp] Saving file at /EB/WAV_car_MySQL_load.ipynb
[Stage 4:>                                                        (0 + 4) / 127][Stage 4:>                                                        (1 + 4) / 127][Stage 4:=>                                                       (3 + 4) / 127][Stage 4:=>                                                       (4 + 4) / 127][Stage 4:==>                                                      (6 + 4) / 127][Stage 4:===>                                                     (8 + 4) / 127][Stage 4:====>                                                    (9 + 4) / 127][Stage 4:====>                                                   (10 + 4) / 127][Stage 4:=====>                                                  (12 + 4) / 127][Stage 4:=====>                                                  (13 + 4) / 127][Stage 4:======>                                                 (14 + 4) / 127][Stage 4:======>                                                 (15 + 4) / 127][Stage 4:=======>                                                (16 + 4) / 127][Stage 4:=======>                                                (17 + 4) / 127][Stage 4:========>                                               (19 + 4) / 127][Stage 4:========>                                               (20 + 4) / 127][Stage 4:=========>                                              (21 + 4) / 127][Stage 4:==========>                                             (23 + 4) / 127][Stage 4:==========>                                             (24 + 4) / 127][Stage 4:===========>                                            (25 + 4) / 127][Stage 4:===========>                                            (26 + 4) / 127][Stage 4:===========>                                            (27 + 4) / 127][Stage 4:============>                                           (28 + 4) / 127][Stage 4:============>                                           (29 + 4) / 127][Stage 4:=============>                                          (30 + 4) / 127][Stage 4:=============>                                          (31 + 4) / 127][Stage 4:==============>                                         (32 + 4) / 127][Stage 4:==============>                                         (33 + 4) / 127][Stage 4:==============>                                         (34 + 4) / 127][Stage 4:===============>                                        (35 + 4) / 127][Stage 4:===============>                                        (36 + 4) / 127][Stage 4:================>                                       (37 + 4) / 127][Stage 4:================>                                       (38 + 4) / 127][Stage 4:=================>                                      (39 + 4) / 127][Stage 4:=================>                                      (40 + 4) / 127][Stage 4:==================>                                     (41 + 4) / 127][Stage 4:==================>                                     (42 + 4) / 127][Stage 4:==================>                                     (43 + 4) / 127][Stage 4:===================>                                    (44 + 4) / 127][Stage 4:===================>                                    (45 + 4) / 127][Stage 4:====================>                                   (46 + 4) / 127][Stage 4:====================>                                   (47 + 4) / 127][Stage 4:=====================>                                  (48 + 4) / 127][Stage 4:=====================>                                  (49 + 4) / 127][Stage 4:======================>                                 (50 + 4) / 127][Stage 4:======================>                                 (51 + 4) / 127][Stage 4:======================>                                 (52 + 4) / 127][Stage 4:=======================>                                (53 + 4) / 127][Stage 4:=======================>                                (54 + 4) / 127][Stage 4:========================>                               (55 + 4) / 127][Stage 4:========================>                               (56 + 4) / 127][Stage 4:=========================>                              (57 + 4) / 127][Stage 4:=========================>                              (58 + 4) / 127][Stage 4:==========================>                             (59 + 4) / 127][Stage 4:==========================>                             (60 + 4) / 127][Stage 4:===========================>                            (62 + 4) / 127][Stage 4:===========================>                            (63 + 4) / 127][Stage 4:============================>                           (64 + 4) / 127][Stage 4:=============================>                          (66 + 4) / 127][Stage 4:=============================>                          (67 + 4) / 127][Stage 4:=============================>                          (68 + 4) / 127][Stage 4:==============================>                         (69 + 4) / 127][Stage 4:==============================>                         (70 + 4) / 127][Stage 4:===============================>                        (72 + 4) / 127][Stage 4:================================>                       (73 + 4) / 127][Stage 4:================================>                       (74 + 4) / 127][Stage 4:=================================>                      (75 + 4) / 127][Stage 4:=================================>                      (76 + 4) / 127][Stage 4:=================================>                      (77 + 4) / 127][Stage 4:==================================>                     (78 + 4) / 127][Stage 4:==================================>                     (78 + 5) / 127][Stage 4:==================================>                     (79 + 4) / 127][Stage 4:===================================>                    (80 + 4) / 127][Stage 4:===================================>                    (81 + 4) / 127][Stage 4:====================================>                   (82 + 4) / 127][Stage 4:====================================>                   (83 + 4) / 127][Stage 4:=====================================>                  (84 + 4) / 127][Stage 4:=====================================>                  (85 + 4) / 127][Stage 4:=====================================>                  (86 + 4) / 127][Stage 4:======================================>                 (87 + 4) / 127][Stage 4:======================================>                 (88 + 4) / 127][Stage 4:=======================================>                (90 + 4) / 127][Stage 4:========================================>               (91 + 4) / 127][Stage 4:========================================>               (92 + 4) / 127][Stage 4:=========================================>              (93 + 4) / 127][Stage 4:=========================================>              (94 + 4) / 127][Stage 4:=========================================>              (95 + 4) / 127][Stage 4:==========================================>             (96 + 4) / 127][Stage 4:==========================================>             (97 + 4) / 127][Stage 4:===========================================>            (98 + 4) / 127][Stage 4:===========================================>            (99 + 4) / 127][Stage 4:===========================================>           (100 + 4) / 127][Stage 4:===========================================>           (101 + 4) / 127][Stage 4:============================================>          (102 + 4) / 127][Stage 4:============================================>          (103 + 4) / 127][Stage 4:=============================================>         (104 + 4) / 127][Stage 4:=============================================>         (106 + 4) / 127][Stage 4:==============================================>        (107 + 4) / 127][Stage 4:==============================================>        (108 + 4) / 127][Stage 4:===============================================>       (110 + 4) / 127][Stage 4:================================================>      (111 + 4) / 127][Stage 4:================================================>      (112 + 4) / 127][Stage 4:================================================>      (113 + 4) / 127][Stage 4:=================================================>     (114 + 4) / 127][Stage 4:=================================================>     (115 + 4) / 127][Stage 4:==================================================>    (116 + 4) / 127][Stage 4:==================================================>    (117 + 4) / 127][Stage 4:===================================================>   (118 + 4) / 127][Stage 4:===================================================>   (119 + 4) / 127][Stage 4:===================================================>   (120 + 4) / 127][Stage 4:====================================================>  (121 + 4) / 127][Stage 4:====================================================>  (122 + 4) / 127][Stage 4:=====================================================> (123 + 4) / 127][Stage 4:=====================================================> (124 + 3) / 127][Stage 4:======================================================>(126 + 1) / 127]                                                                                [Stage 5:>                                                         (0 + 4) / 82][Stage 5:>                                                         (1 + 4) / 82][Stage 5:==>                                                       (3 + 4) / 82][Stage 5:==>                                                       (4 + 4) / 82][Stage 5:===>                                                      (5 + 4) / 82][Stage 5:====>                                                     (6 + 4) / 82][Stage 5:====>                                                     (7 + 4) / 82][Stage 5:=====>                                                    (8 + 4) / 82][Stage 5:======>                                                   (9 + 4) / 82][Stage 5:======>                                                   (9 + 5) / 82][Stage 5:======>                                                  (10 + 4) / 82][Stage 5:======>                                                  (10 + 5) / 82][Stage 5:=======>                                                 (11 + 4) / 82][Stage 5:========>                                                (12 + 4) / 82][Stage 5:=========>                                               (13 + 4) / 82][Stage 5:=========>                                               (14 + 4) / 82][Stage 5:==========>                                              (15 + 4) / 82][Stage 5:===========>                                             (16 + 4) / 82][Stage 5:===========>                                             (17 + 4) / 82][Stage 5:============>                                            (18 + 4) / 82][I 2025-02-27 13:41:35.320 ServerApp] Saving file at /EB/WAV_car_MySQL_load.ipynb
[Stage 5:=============>                                           (19 + 4) / 82][Stage 5:=============>                                           (20 + 4) / 82][Stage 5:==============>                                          (21 + 4) / 82][Stage 5:===============>                                         (22 + 4) / 82][Stage 5:===============>                                         (23 + 4) / 82][Stage 5:================>                                        (24 + 4) / 82][Stage 5:=================>                                       (25 + 4) / 82][Stage 5:==================>                                      (26 + 4) / 82][Stage 5:==================>                                      (27 + 4) / 82][Stage 5:===================>                                     (28 + 4) / 82][Stage 5:====================>                                    (29 + 4) / 82][Stage 5:====================>                                    (30 + 4) / 82][Stage 5:=====================>                                   (31 + 4) / 82][Stage 5:======================>                                  (32 + 4) / 82][Stage 5:======================>                                  (33 + 4) / 82][Stage 5:=======================>                                 (34 + 4) / 82][Stage 5:========================>                                (35 + 4) / 82][Stage 5:=========================>                               (36 + 4) / 82][Stage 5:=========================>                               (37 + 4) / 82][I 2025-02-27 13:42:06.144 ServerApp] Kernel interrupted: 1e55fa80-ebcf-4202-8ed9-30e22899d846
[Stage 5:==========================>                              (38 + 4) / 82][Stage 5:===========================>                             (40 + 4) / 82][Stage 5:============================>                            (41 + 4) / 82][Stage 5:=============================>                           (42 + 4) / 82][Stage 5:==============================>                          (44 + 4) / 82][Stage 5:===============================>                         (45 + 4) / 82][Stage 5:=========>       (45 + 4) / 82][Stage 6:>                 (0 + 0) / 82][Stage 5:=========>       (46 + 4) / 82][Stage 6:>                 (0 + 0) / 82][Stage 5:=========>       (47 + 4) / 82][Stage 6:>                 (0 + 0) / 82][Stage 5:=========>       (48 + 4) / 82][Stage 6:>                 (0 + 0) / 82][Stage 5:==========>      (49 + 4) / 82][Stage 6:>                 (0 + 0) / 82][Stage 5:==========>      (50 + 4) / 82][Stage 6:>                 (0 + 0) / 82][Stage 5:==========>      (52 + 4) / 82][Stage 6:>                 (0 + 0) / 82][Stage 5:==========>      (53 + 4) / 82][Stage 6:>                 (0 + 0) / 82][Stage 5:===========>     (54 + 4) / 82][Stage 6:>                 (0 + 0) / 82][Stage 5:===========>     (55 + 4) / 82][Stage 6:>                 (0 + 0) / 82][Stage 5:===========>     (56 + 4) / 82][Stage 6:>                 (0 + 0) / 82][Stage 5:===========>     (57 + 4) / 82][Stage 6:>                 (0 + 0) / 82][Stage 5:============>    (58 + 4) / 82][Stage 6:>                 (0 + 0) / 82][Stage 5:============>    (59 + 4) / 82][Stage 6:>                 (0 + 0) / 82][Stage 5:============>    (60 + 4) / 82][Stage 6:>                 (0 + 0) / 82][Stage 5:============>    (61 + 4) / 82][Stage 6:>                 (0 + 0) / 82][Stage 5:============>    (62 + 4) / 82][Stage 6:>                 (0 + 0) / 82][Stage 5:=============>   (63 + 4) / 82][Stage 6:>                 (0 + 0) / 82][Stage 5:=============>   (65 + 4) / 82][Stage 6:>                 (0 + 0) / 82][Stage 5:=============>   (66 + 4) / 82][Stage 6:>                 (0 + 0) / 82][Stage 5:=============>   (67 + 4) / 82][Stage 6:>                 (0 + 0) / 82][Stage 5:==============>  (69 + 4) / 82][Stage 6:>                 (0 + 0) / 82][Stage 5:==============>  (70 + 4) / 82][Stage 6:>                 (0 + 0) / 82][Stage 5:==============>  (71 + 4) / 82][Stage 6:>                 (0 + 0) / 82][Stage 5:==============>  (72 + 4) / 82][Stage 6:>                 (0 + 0) / 82][Stage 5:===============> (73 + 4) / 82][Stage 6:>                 (0 + 0) / 82][Stage 5:===============> (74 + 4) / 82][Stage 6:>                 (0 + 0) / 82][Stage 5:===============> (75 + 4) / 82][Stage 6:>                 (0 + 0) / 82][Stage 5:===============> (76 + 4) / 82][Stage 6:>                 (0 + 0) / 82][Stage 5:===============> (77 + 4) / 82][Stage 6:>                 (0 + 0) / 82][Stage 5:================>(78 + 4) / 82][Stage 6:>                 (0 + 0) / 82][Stage 5:================>(79 + 3) / 82][Stage 6:>                 (4 + 1) / 82][Stage 5:================>(79 + 3) / 82][Stage 6:===>             (19 + 1) / 82][Stage 5:================>(79 + 3) / 82][Stage 6:======>          (33 + 1) / 82][Stage 5:================>(79 + 3) / 82][Stage 6:=========>       (46 + 1) / 82][Stage 5:================>(79 + 3) / 82][Stage 6:============>    (59 + 1) / 82][Stage 5:================>(81 + 1) / 82][Stage 6:================>(81 + 1) / 82]                                                                                [Stage 8:>                                                         (0 + 4) / 82][Stage 8:>                                                         (1 + 4) / 82][Stage 8:==>                                                       (3 + 4) / 82][Stage 8:==>                                                       (4 + 4) / 82][I 2025-02-27 13:43:02.303 ServerApp] Starting buffering for 393cc4a4-86ad-4c60-b0ae-b7158b738493:0a19cfa4-7e08-4b59-966b-c3e8e853361d
Exception in thread "serve-DataFrame" java.net.SocketTimeoutException: Accept timed out
	at java.net.PlainSocketImpl.socketAccept(Native Method)
	at java.net.AbstractPlainSocketImpl.accept(AbstractPlainSocketImpl.java:409)
	at java.net.ServerSocket.implAccept(ServerSocket.java:560)
	at java.net.ServerSocket.accept(ServerSocket.java:528)
	at org.apache.spark.security.SocketAuthServer$$anon$1.run(SocketAuthServer.scala:64)
[Stage 8:===>                                                      (5 + 4) / 82][Stage 8:====>                                                     (7 + 4) / 82][Stage 8:=====>                                                    (8 + 4) / 82]25/02/27 13:43:11 WARN Utils: Service 'SparkUI' could not bind on port 4040. Attempting port 4041.
[Stage 8:======>                                                   (9 + 4) / 82][Stage 8:========>                                                (12 + 4) / 82][Stage 8:=========>                                               (13 + 4) / 82][Stage 8:=========>                                               (14 + 4) / 82][Stage 8:==========>                                              (15 + 4) / 82][Stage 8:===========>                                             (16 + 4) / 82][Stage 8:===========>                                             (17 + 4) / 82][Stage 8:============>                                            (18 + 4) / 82][Stage 8:=============>                                           (19 + 4) / 82][Stage 8:=============>                                           (20 + 4) / 82][Stage 8:==============>                                          (21 + 4) / 82][Stage 8:===============>                                         (22 + 4) / 82][I 2025-02-27 13:43:35.634 ServerApp] Saving file at /EB/WAV_car_MySQL_load.ipynb
[Stage 8:===============>                                         (23 + 4) / 82][Stage 8:================>                                        (24 + 4) / 82][Stage 8:=================>                                       (25 + 4) / 82][Stage 8:==================>                                      (26 + 4) / 82][Stage 8:==================>                                      (27 + 4) / 82][Stage 8:===================>                                     (28 + 4) / 82][Stage 8:====================>                                    (29 + 4) / 82][Stage 8:====================>                                    (30 + 4) / 82][Stage 8:=====================>                                   (31 + 4) / 82][Stage 8:======================>                                  (32 + 4) / 82][Stage 8:======================>                                  (33 + 4) / 82][Stage 8:=======================>                                 (34 + 4) / 82][Stage 8:========================>                                (35 + 4) / 82][Stage 8:=========================>                               (36 + 4) / 82][Stage 8:=========================>                               (37 + 4) / 82][Stage 8:==========================>                              (38 + 4) / 82][Stage 8:===========================>                             (39 + 4) / 82][Stage 8:===========================>                             (40 + 4) / 82][Stage 8:=============================>                           (42 + 4) / 82][Stage 8:=============================>                           (43 + 4) / 82][Stage 8:==============================>                          (44 + 4) / 82][Stage 8:===============================>                         (45 + 4) / 82][Stage 8:===============================>                         (46 + 4) / 82][Stage 8:================================>                        (47 + 4) / 82][Stage 8:=================================>                       (48 + 4) / 82][Stage 8:==================================>                      (49 + 4) / 82][Stage 8:===================================>                     (51 + 4) / 82][Stage 8:====================================>                    (52 + 4) / 82][Stage 8:====================================>                    (53 + 4) / 82][Stage 8:======================================>                  (56 + 4) / 82][Stage 8:=======================================>                 (57 + 4) / 82][Stage 8:=========================================>               (59 + 4) / 82][Stage 8:=========================================>               (60 + 4) / 82][Stage 8:==========================================>              (61 + 4) / 82][Stage 8:===========================================>             (62 + 4) / 82][Stage 8:===========================================>             (63 + 4) / 82][Stage 8:============================================>            (64 + 4) / 82][Stage 8:=============================================>           (65 + 4) / 82][Stage 8:=============================================>           (66 + 4) / 82][Stage 8:==============================================>          (67 + 4) / 82][Stage 8:===============================================>         (68 + 4) / 82][Stage 8:===============================================>         (69 + 4) / 82][Stage 8:================================================>        (70 + 4) / 82][I 2025-02-27 13:44:36.108 ServerApp] Saving file at /EB/JSON_car_horn.ipynb
[W 2025-02-27 13:44:36.108 ServerApp] Notebook EB/JSON_car_horn.ipynb is not trusted
[Stage 8:==================================================>      (72 + 4) / 82][Stage 8:==================================================>      (73 + 4) / 82][Stage 8:===================================================>     (74 + 4) / 82][Stage 8:====================================================>    (75 + 4) / 82][Stage 8:====================================================>    (76 + 4) / 82][Stage 8:=====================================================>   (77 + 4) / 82][Stage 8:======================================================>  (78 + 4) / 82][Stage 8:=======================================================> (80 + 2) / 82][Stage 8:========================================================>(81 + 1) / 82]                                                                                [Stage 11:>                                                        (0 + 4) / 85][Stage 11:>                                                        (1 + 4) / 85][Stage 11:==>                                                      (4 + 4) / 85][Stage 11:===>                                                     (5 + 4) / 85][Stage 11:====>                                                    (6 + 4) / 85][Stage 11:====>                                                    (7 + 4) / 85][Stage 11:=====>                                                   (8 + 4) / 85][Stage 11:======>                                                  (9 + 4) / 85][Stage 11:======>                                                 (10 + 4) / 85][Stage 11:=======>                                                (11 + 4) / 85][I 2025-02-27 13:45:35.823 ServerApp] Saving file at /EB/WAV_car_MySQL_load.ipynb
[Stage 11:=======>                                                (12 + 4) / 85][I 2025-02-27 13:45:37.046 ServerApp] Saving file at /EB/WAV_motor_MySQL_load.ipynb
[Stage 11:========>                                               (13 + 4) / 85][Stage 11:=========>                                              (14 + 4) / 85][Stage 11:=========>                                              (15 + 4) / 85][I 2025-02-27 13:45:44.195 ServerApp] Starting buffering for 2cfeeb08-30c6-4050-899a-33b7a97c816d:fbbb151a-8466-40b1-b5b6-3382c1f09879
[Stage 11:==========>                                             (16 + 4) / 85][Stage 11:===========>                                            (17 + 4) / 85][Stage 11:===========>                                            (18 + 4) / 85][Stage 11:============>                                           (19 + 4) / 85][Stage 11:=============>                                          (20 + 4) / 85][Stage 11:=============>                                          (21 + 4) / 85][Stage 11:===============>                                        (23 + 4) / 85][Stage 11:===============>                                        (24 + 4) / 85]25/02/27 13:46:04 WARN NativeCodeLoader: Unable to load native-hadoop library for your platform... using builtin-java classes where applicable
Using Spark's default log4j profile: org/apache/spark/log4j-defaults.properties
Setting default log level to "WARN".
To adjust logging level use sc.setLogLevel(newLevel). For SparkR, use setLogLevel(newLevel).
[Stage 0:>                                                        (0 + 4) / 159][Stage 0:====>                                                   (13 + 5) / 159][Stage 0:==========>                                             (30 + 4) / 159][Stage 0:================>                                       (46 + 4) / 159][Stage 0:=====================>                                  (62 + 4) / 159][Stage 0:=============================>                          (83 + 4) / 159][Stage 0:===================================>                   (102 + 5) / 159][Stage 0:===========================================>           (125 + 4) / 159][Stage 0:===================================================>   (149 + 4) / 159]                                                                                25/02/27 13:46:36 WARN package: Truncated the string representation of a plan since it was too large. This behavior can be adjusted by setting 'spark.sql.debug.maxToStringFields'.
[Stage 2:>                                                        (0 + 4) / 159][Stage 2:>                                                        (1 + 4) / 159][Stage 2:>                                                        (2 + 4) / 159][Stage 2:=>                                                       (3 + 4) / 159][Stage 2:=>                                                       (4 + 4) / 159][Stage 2:=>                                                       (5 + 4) / 159][Stage 2:==>                                                      (6 + 4) / 159][Stage 2:==>                                                      (7 + 4) / 159][Stage 2:==>                                                      (8 + 4) / 159][Stage 2:===>                                                     (9 + 4) / 159][Stage 2:===>                                                    (10 + 4) / 159][Stage 2:===>                                                    (11 + 4) / 159][Stage 2:====>                                                   (12 + 4) / 159][Stage 2:====>                                                   (13 + 4) / 159][Stage 2:====>                                                   (14 + 4) / 159][Stage 2:=====>                                                  (16 + 4) / 159][Stage 2:=====>                                                  (17 + 4) / 159][Stage 2:======>                                                 (18 + 4) / 159][Stage 2:======>                                                 (19 + 4) / 159][Stage 2:=======>                                                (20 + 4) / 159][Stage 2:=======>                                                (21 + 4) / 159][Stage 2:=======>                                                (22 + 4) / 159][Stage 2:=======>                                                (22 + 5) / 159][Stage 2:========>                                               (23 + 4) / 159][Stage 2:========>                                               (24 + 4) / 159][Stage 2:========>                                               (25 + 4) / 159][Stage 2:=========>                                              (26 + 4) / 159][I 2025-02-27 13:47:36.001 ServerApp] Saving file at /EB/WAV_car_MySQL_load.ipynb
[Stage 2:=========>                                              (27 + 4) / 159][Stage 2:=========>                                              (28 + 4) / 159][I 2025-02-27 13:47:37.184 ServerApp] Saving file at /EB/WAV_motor_MySQL_load.ipynb
[Stage 2:==========>                                             (29 + 4) / 159][Stage 2:==========>                                             (30 + 4) / 159][Stage 2:==========>                                             (30 + 5) / 159][Stage 2:==========>                                             (31 + 4) / 159][Stage 2:===========>                                            (32 + 4) / 159][Stage 2:===========>                                            (33 + 4) / 159][Stage 2:===========>                                            (34 + 4) / 159][Stage 2:============>                                           (35 + 4) / 159][Stage 2:============>                                           (36 + 4) / 159][Stage 2:=============>                                          (37 + 4) / 159][Stage 2:=============>                                          (38 + 4) / 159][Stage 2:=============>                                          (39 + 4) / 159][Stage 2:==============>                                         (40 + 4) / 159][Stage 2:==============>                                         (41 + 4) / 159][Stage 2:==============>                                         (42 + 4) / 159][Stage 2:===============>                                        (43 + 4) / 159][Stage 2:===============>                                        (44 + 4) / 159][Stage 2:===============>                                        (45 + 4) / 159][Stage 2:================>                                       (46 + 4) / 159][Stage 2:================>                                       (47 + 4) / 159][Stage 2:================>                                       (48 + 4) / 159][Stage 2:=================>                                      (49 + 4) / 159][Stage 2:=================>                                      (50 + 4) / 159][Stage 2:=================>                                      (51 + 4) / 159][Stage 2:==================>                                     (52 + 4) / 159][Stage 2:==================>                                     (53 + 4) / 159][Stage 2:===================>                                    (54 + 4) / 159][Stage 2:===================>                                    (55 + 4) / 159][Stage 2:===================>                                    (56 + 4) / 159][Stage 2:====================>                                   (57 + 4) / 159][Stage 2:====================>                                   (58 + 4) / 159][Stage 2:=====================>                                  (60 + 4) / 159][Stage 2:=====================>                                  (61 + 4) / 159][Stage 2:=====================>                                  (62 + 4) / 159][Stage 2:======================>                                 (64 + 4) / 159][Stage 2:======================>                                 (65 + 4) / 159][Stage 2:=======================>                                (66 + 4) / 159][Stage 2:=======================>                                (66 + 5) / 159][Stage 2:=======================>                                (67 + 4) / 159][Stage 2:=======================>                                (68 + 4) / 159][Stage 2:========================>                               (69 + 4) / 159][Stage 2:========================>                               (70 + 4) / 159][Stage 2:=========================>                              (71 + 4) / 159][Stage 2:=========================>                              (72 + 4) / 159][Stage 2:=========================>                              (73 + 4) / 159][Stage 2:==========================>                             (74 + 4) / 159][Stage 2:==========================>                             (75 + 4) / 159][Stage 2:==========================>                             (76 + 4) / 159][Stage 2:===========================>                            (77 + 4) / 159][Stage 2:===========================>                            (78 + 4) / 159][Stage 2:===========================>                            (79 + 4) / 159][Stage 2:============================>                           (80 + 4) / 159][Stage 2:============================>                           (81 + 4) / 159][Stage 2:============================>                           (82 + 4) / 159][Stage 2:=============================>                          (83 + 4) / 159][Stage 2:=============================>                          (84 + 4) / 159][Stage 2:=============================>                          (85 + 4) / 159][Stage 2:==============================>                         (86 + 4) / 159][Stage 2:==============================>                         (87 + 4) / 159][Stage 2:==============================>                         (88 + 4) / 159][Stage 2:===============================>                        (89 + 4) / 159][Stage 2:===============================>                        (90 + 4) / 159][Stage 2:================================>                       (91 + 4) / 159][Stage 2:================================>                       (92 + 4) / 159][Stage 2:================================>                       (93 + 4) / 159][Stage 2:=================================>                      (94 + 4) / 159][Stage 2:=================================>                      (95 + 4) / 159][Stage 2:=================================>                      (96 + 4) / 159][Stage 2:==================================>                     (98 + 4) / 159][Stage 2:==================================>                     (99 + 4) / 159][Stage 2:==================================>                    (100 + 4) / 159][Stage 2:==================================>                    (101 + 4) / 159][Stage 2:===================================>                   (102 + 4) / 159][Stage 2:===================================>                   (103 + 4) / 159][Stage 2:===================================>                   (104 + 4) / 159][Stage 2:====================================>                  (105 + 4) / 159][Stage 2:====================================>                  (106 + 4) / 159][Stage 2:=====================================>                 (107 + 4) / 159][Stage 2:=====================================>                 (108 + 4) / 159][Stage 2:=====================================>                 (109 + 4) / 159][Stage 2:======================================>                (110 + 4) / 159][Stage 2:======================================>                (111 + 4) / 159][Stage 2:======================================>                (112 + 4) / 159][Stage 2:=======================================>               (113 + 4) / 159][Stage 2:=======================================>               (114 + 4) / 159][Stage 2:=======================================>               (115 + 4) / 159][Stage 2:========================================>              (116 + 4) / 159][Stage 2:========================================>              (117 + 4) / 159][Stage 2:========================================>              (118 + 4) / 159][Stage 2:=========================================>             (119 + 4) / 159][Stage 2:=========================================>             (120 + 4) / 159][Stage 2:=========================================>             (121 + 4) / 159][Stage 2:==========================================>            (122 + 4) / 159][Stage 2:==========================================>            (123 + 4) / 159][Stage 2:==========================================>            (124 + 4) / 159][Stage 2:===========================================>           (125 + 4) / 159][Stage 2:===========================================>           (127 + 4) / 159][Stage 2:============================================>          (128 + 4) / 159][Stage 2:============================================>          (129 + 4) / 159][Stage 2:============================================>          (130 + 4) / 159][Stage 2:=============================================>         (131 + 4) / 159][Stage 2:=============================================>         (132 + 4) / 159][Stage 2:==============================================>        (133 + 4) / 159][Stage 2:==============================================>        (134 + 4) / 159][Stage 2:==============================================>        (135 + 4) / 159][Stage 2:===============================================>       (136 + 4) / 159][Stage 2:===============================================>       (137 + 4) / 159][Stage 2:===============================================>       (138 + 4) / 159][Stage 2:================================================>      (139 + 4) / 159][Stage 2:================================================>      (140 + 4) / 159][Stage 2:================================================>      (141 + 4) / 159][Stage 2:=================================================>     (142 + 4) / 159][Stage 2:=================================================>     (143 + 4) / 159][Stage 2:=================================================>     (144 + 4) / 159][Stage 2:==================================================>    (145 + 4) / 159][Stage 2:==================================================>    (146 + 4) / 159][Stage 2:==================================================>    (147 + 4) / 159][Stage 2:===================================================>   (148 + 4) / 159][Stage 2:===================================================>   (149 + 4) / 159][Stage 2:===================================================>   (150 + 4) / 159][Stage 2:====================================================>  (151 + 4) / 159][Stage 2:====================================================>  (152 + 4) / 159][Stage 2:====================================================>  (153 + 4) / 159][Stage 2:=====================================================> (154 + 4) / 159][Stage 2:=====================================================> (155 + 4) / 159][Stage 2:======================================================>(157 + 2) / 159][Stage 2:======================================================>(158 + 1) / 159]                                                                                [Stage 3:================================>                       (97 + 4) / 167][Stage 3:===========================================>           (131 + 4) / 167]                                                                                [Stage 5:>                                                        (0 + 4) / 167][Stage 5:>                                                        (1 + 4) / 167][Stage 5:>                                                        (2 + 4) / 167][Stage 5:=>                                                       (3 + 4) / 167][Stage 5:=>                                                       (4 + 4) / 167][Stage 5:=>                                                       (5 + 4) / 167][Stage 5:==>                                                      (6 + 4) / 167][Stage 5:==>                                                      (7 + 4) / 167][Stage 5:==>                                                      (8 + 4) / 167][Stage 5:===>                                                     (9 + 4) / 167][Stage 5:===>                                                    (10 + 4) / 167][Stage 5:===>                                                    (11 + 4) / 167][I 2025-02-27 13:49:20.750 ServerApp] Kernel restarted: 1e55fa80-ebcf-4202-8ed9-30e22899d846
[Stage 5:====>                                                   (12 + 4) / 167][IPKernelApp] ERROR | No such comm target registered: jupyter.widget.control
[IPKernelApp] WARNING | No such comm: 7683dc11-ce0e-44c7-9373-f20503c70833
[Stage 5:====>                                                   (13 + 4) / 167][Stage 5:====>                                                   (14 + 4) / 167][Stage 5:=====>                                                  (15 + 4) / 167][Stage 5:=====>                                                  (16 + 4) / 167][Stage 5:=====>                                                  (17 + 4) / 167][Stage 5:======>                                                 (18 + 4) / 167]25/02/27 13:49:31 WARN NativeCodeLoader: Unable to load native-hadoop library for your platform... using builtin-java classes where applicable
[Stage 5:======>                                                 (19 + 4) / 167]Using Spark's default log4j profile: org/apache/spark/log4j-defaults.properties
Setting default log level to "WARN".
To adjust logging level use sc.setLogLevel(newLevel). For SparkR, use setLogLevel(newLevel).
[Stage 5:======>                                                 (20 + 4) / 167][I 2025-02-27 13:49:36.241 ServerApp] Saving file at /EB/WAV_car_MySQL_load.ipynb
[Stage 5:=======>                                                (21 + 4) / 167][Stage 5:=======>                                                (22 + 4) / 167]25/02/27 13:49:37 WARN Utils: Service 'SparkUI' could not bind on port 4040. Attempting port 4041.
25/02/27 13:49:37 WARN Utils: Service 'SparkUI' could not bind on port 4041. Attempting port 4042.
[I 2025-02-27 13:49:37.400 ServerApp] Saving file at /EB/WAV_motor_MySQL_load.ipynb
[Stage 5:=======>                                                (23 + 4) / 167][Stage 5:========>                                               (24 + 4) / 167][Stage 5:========>                                               (25 + 4) / 167][Stage 5:========>                                               (26 + 4) / 167][Stage 5:=========>                                              (27 + 4) / 167][Stage 5:=========>                                              (28 + 4) / 167][Stage 5:=========>                                              (29 + 4) / 167][Stage 5:==========>                                             (30 + 4) / 167][Stage 5:==========>                                             (31 + 4) / 167][Stage 5:==========>                                             (32 + 4) / 167][Stage 5:===========>                                            (33 + 4) / 167][Stage 5:===========>                                            (34 + 4) / 167][Stage 5:===========>                                            (34 + 5) / 167][Stage 5:===========>                                            (35 + 4) / 167][Stage 5:============>                                           (36 + 4) / 167][Stage 5:============>                                           (38 + 4) / 167][Stage 5:=============>                                          (39 + 4) / 167][Stage 5:=============>                                          (40 + 4) / 167][Stage 5:=============>                                          (41 + 4) / 167][Stage 5:==============>                                         (42 + 4) / 167][Stage 5:==============>                                         (43 + 4) / 167][Stage 5:==============>                                         (44 + 4) / 167][Stage 5:===============>                                        (45 + 4) / 167][Stage 5:===============>                                        (47 + 4) / 167][Stage 5:================>                                       (48 + 4) / 167][Stage 5:================>                                       (49 + 4) / 167][Stage 5:=================>                                      (51 + 4) / 167][Stage 5:=================>                                      (52 + 4) / 167][Stage 5:==================>                                     (54 + 4) / 167][Stage 5:==================>                                     (55 + 4) / 167][Stage 0:>                                                         (0 + 4) / 85][Stage 5:==================>                                     (56 + 4) / 167][Stage 0:>                                                         (1 + 7) / 85][Stage 0:=========>                                               (14 + 4) / 85][Stage 0:================>                                        (25 + 4) / 85][Stage 0:=======================>                                 (35 + 4) / 85][Stage 0:==============================>                          (46 + 4) / 85][Stage 0:====================================>                    (55 + 4) / 85][Stage 0:==========================================>              (63 + 4) / 85][Stage 0:==============================================>          (69 + 4) / 85][Stage 0:===================================================>     (77 + 4) / 85][Stage 1:>                                                          (0 + 1) / 1]                                                                                [Stage 5:===================>                                    (57 + 4) / 167][Stage 5:===================>                                    (58 + 4) / 167][Stage 5:===================>                                    (59 + 4) / 167]25/02/27 13:50:23 WARN package: Truncated the string representation of a plan since it was too large. This behavior can be adjusted by setting 'spark.sql.debug.maxToStringFields'.
[Stage 5:====================>                                   (60 + 4) / 167][Stage 5:====================>                                   (61 + 4) / 167][Stage 5:====================>                                   (62 + 4) / 167][Stage 5:=====================>                                  (63 + 4) / 167][Stage 5:=====================>                                  (64 + 4) / 167][Stage 2:>                                                         (0 + 4) / 85][Stage 5:======================>                                 (66 + 4) / 167][Stage 5:======================>                                 (67 + 4) / 167][Stage 5:======================>                                 (68 + 4) / 167][Stage 5:=======================>                                (69 + 4) / 167][Stage 5:=======================>                                (70 + 4) / 167][Stage 5:=======================>                                (71 + 4) / 167][Stage 5:========================>                               (72 + 4) / 167][Stage 2:>                                                         (0 + 5) / 85][Stage 2:==>                                                       (4 + 4) / 85][Stage 2:===>                                                      (5 + 4) / 85][Stage 2:====>                                                     (6 + 4) / 85][Stage 2:=====>                                                    (8 + 4) / 85][Stage 2:======>                                                   (9 + 4) / 85][Stage 2:======>                                                  (10 + 4) / 85][Stage 2:=======>                                                 (11 + 4) / 85][Stage 2:========>                                                (12 + 4) / 85][Stage 2:========>                                                (13 + 4) / 85][Stage 2:==========>                                              (15 + 4) / 85][Stage 2:==========>                                              (16 + 4) / 85][Stage 2:===========>                                             (17 + 4) / 85][Stage 2:============>                                            (18 + 4) / 85][Stage 2:============>                                            (19 + 4) / 85][Stage 2:=============>                                           (20 + 4) / 85][Stage 2:==============>                                          (21 + 4) / 85][Stage 2:==============>                                          (22 + 4) / 85][Stage 2:===============>                                         (23 + 4) / 85][Stage 2:================>                                        (24 + 4) / 85][I 2025-02-27 13:51:36.487 ServerApp] Saving file at /EB/WAV_car_MySQL_load.ipynb
[Stage 2:================>                                        (25 + 4) / 85][I 2025-02-27 13:51:37.544 ServerApp] Saving file at /EB/WAV_motor_MySQL_load.ipynb
[Stage 2:=================>                                       (26 + 4) / 85][Stage 2:==================>                                      (27 + 4) / 85][Stage 2:==================>                                      (28 + 4) / 85][Stage 2:===================>                                     (29 + 4) / 85][Stage 2:====================>                                    (30 + 4) / 85][Stage 2:=====================>                                   (32 + 4) / 85][Stage 2:======================>                                  (33 + 4) / 85][Stage 2:======================>                                  (34 + 4) / 85][Stage 2:=======================>                                 (35 + 4) / 85][Stage 2:========================>                                (36 + 4) / 85][Stage 2:========================>                                (37 + 4) / 85][Stage 2:=========================>                               (38 + 4) / 85][Stage 2:==========================>                              (39 + 4) / 85][Stage 2:==========================>                              (40 + 4) / 85][Stage 2:===========================>                             (41 + 4) / 85][Stage 2:============================>                            (42 + 4) / 85][Stage 2:============================>                            (43 + 4) / 85][Stage 2:=============================>                           (44 + 4) / 85][Stage 2:==============================>                          (45 + 4) / 85][Stage 2:==============================>                          (46 + 4) / 85][Stage 2:===============================>                         (47 + 4) / 85][Stage 2:================================>                        (48 + 4) / 85][Stage 2:================================>                        (49 + 4) / 85][Stage 2:=================================>                       (50 + 4) / 85][Stage 2:==================================>                      (52 + 4) / 85][Stage 2:===================================>                     (53 + 4) / 85][Stage 2:====================================>                    (54 + 4) / 85][Stage 2:====================================>                    (55 + 4) / 85][Stage 2:=====================================>                   (56 + 4) / 85][Stage 2:======================================>                  (57 + 4) / 85][Stage 2:======================================>                  (58 + 4) / 85][Stage 2:=======================================>                 (59 + 4) / 85][Stage 2:========================================>                (60 + 4) / 85][Stage 2:========================================>                (61 + 4) / 85][Stage 2:=========================================>               (62 + 4) / 85][Stage 2:==========================================>              (64 + 4) / 85][Stage 2:===========================================>             (65 + 4) / 85][Stage 2:============================================>            (66 + 4) / 85][Stage 2:=============================================>           (68 + 4) / 85][Stage 2:==============================================>          (69 + 4) / 85][Stage 2:==============================================>          (70 + 4) / 85][Stage 2:===============================================>         (71 + 4) / 85][Stage 2:================================================>        (72 + 4) / 85][Stage 2:================================================>        (73 + 4) / 85][Stage 2:=================================================>       (74 + 4) / 85][Stage 2:==================================================>      (75 + 4) / 85][Stage 2:==================================================>      (76 + 4) / 85][Stage 2:===================================================>     (77 + 4) / 85][Stage 2:====================================================>    (78 + 4) / 85][Stage 2:====================================================>    (79 + 4) / 85][Stage 2:=====================================================>   (80 + 4) / 85][Stage 2:======================================================>  (81 + 4) / 85][Stage 2:=======================================================> (83 + 2) / 85][Stage 2:========================================================>(84 + 1) / 85]                                                                                [I 2025-02-27 13:53:36.667 ServerApp] Saving file at /EB/WAV_car_MySQL_load.ipynb
[I 2025-02-27 13:53:49.966 ServerApp] Kernel restarted: a642711e-2402-473f-b45a-fb026b101140
[I 2025-02-27 13:53:50.007 ServerApp] Starting buffering for a642711e-2402-473f-b45a-fb026b101140:54a4e224-49a7-4129-ab00-762a3de3fcdf
[I 2025-02-27 13:53:50.044 ServerApp] Restoring connection for a642711e-2402-473f-b45a-fb026b101140:54a4e224-49a7-4129-ab00-762a3de3fcdf
[IPKernelApp] ERROR | No such comm target registered: jupyter.widget.control
[IPKernelApp] WARNING | No such comm: ba5ffd47-8237-44bb-b397-15cd84eec16a
25/02/27 13:54:00 WARN NativeCodeLoader: Unable to load native-hadoop library for your platform... using builtin-java classes where applicable
Using Spark's default log4j profile: org/apache/spark/log4j-defaults.properties
Setting default log level to "WARN".
To adjust logging level use sc.setLogLevel(newLevel). For SparkR, use setLogLevel(newLevel).
[Stage 0:>                                                        (1 + 7) / 167][Stage 0:======>                                                 (20 + 4) / 167][Stage 0:============>                                           (37 + 4) / 167][Stage 0:=================>                                      (53 + 4) / 167][Stage 0:=========================>                              (77 + 4) / 167][Stage 0:=================================>                     (102 + 4) / 167][Stage 0:=========================================>             (125 + 4) / 167][Stage 0:=================================================>     (151 + 4) / 167]                                                                                25/02/27 13:54:23 WARN package: Truncated the string representation of a plan since it was too large. This behavior can be adjusted by setting 'spark.sql.debug.maxToStringFields'.
[Stage 2:>                                                        (0 + 4) / 167][Stage 2:>                                                        (1 + 4) / 167][Stage 2:>                                                        (2 + 4) / 167][Stage 2:=>                                                       (3 + 4) / 167][Stage 2:=>                                                       (4 + 4) / 167][Stage 2:==>                                                      (6 + 4) / 167][Stage 2:==>                                                      (8 + 4) / 167][Stage 2:===>                                                    (10 + 4) / 167][Stage 2:===>                                                    (11 + 4) / 167][Stage 2:====>                                                   (12 + 4) / 167][Stage 2:====>                                                   (13 + 4) / 167][Stage 2:====>                                                   (14 + 4) / 167][Stage 2:=====>                                                  (15 + 4) / 167][Stage 2:=====>                                                  (16 + 4) / 167][Stage 2:=====>                                                  (17 + 4) / 167][Stage 2:======>                                                 (18 + 4) / 167][Stage 2:======>                                                 (20 + 4) / 167][Stage 2:=======>                                                (21 + 4) / 167][Stage 2:=======>                                                (22 + 4) / 167][Stage 2:=======>                                                (23 + 4) / 167][Stage 2:========>                                               (24 + 4) / 167][Stage 2:========>                                               (25 + 4) / 167][Stage 2:========>                                               (26 + 4) / 167][Stage 2:=========>                                              (27 + 4) / 167][Stage 2:=========>                                              (28 + 4) / 167][Stage 2:=========>                                              (29 + 4) / 167][Stage 2:==========>                                             (30 + 4) / 167][Stage 2:==========>                                             (31 + 4) / 167][Stage 2:==========>                                             (32 + 4) / 167][Stage 2:===========>                                            (33 + 4) / 167][Stage 2:===========>                                            (34 + 4) / 167][Stage 2:===========>                                            (35 + 4) / 167][Stage 2:============>                                           (36 + 4) / 167][Stage 2:============>                                           (37 + 4) / 167][Stage 2:============>                                           (38 + 4) / 167][Stage 2:=============>                                          (39 + 4) / 167][Stage 2:=============>                                          (40 + 4) / 167][Stage 2:=============>                                          (41 + 4) / 167][Stage 2:==============>                                         (42 + 4) / 167][Stage 2:==============>                                         (43 + 4) / 167][Stage 2:==============>                                         (44 + 4) / 167][Stage 2:===============>                                        (45 + 4) / 167][Stage 2:===============>                                        (46 + 4) / 167][Stage 2:===============>                                        (47 + 4) / 167][Stage 2:================>                                       (48 + 4) / 167][Stage 2:================>                                       (49 + 4) / 167][Stage 2:================>                                       (50 + 4) / 167][Stage 2:=================>                                      (51 + 4) / 167][I 2025-02-27 13:55:37.692 ServerApp] Saving file at /EB/WAV_motor_MySQL_load.ipynb
[Stage 2:=================>                                      (52 + 4) / 167][Stage 2:=================>                                      (53 + 4) / 167][Stage 2:==================>                                     (54 + 4) / 167][Stage 2:==================>                                     (55 + 4) / 167][Stage 2:==================>                                     (56 + 4) / 167][Stage 2:===================>                                    (57 + 4) / 167][Stage 2:===================>                                    (58 + 4) / 167][Stage 2:===================>                                    (59 + 4) / 167][Stage 2:====================>                                   (60 + 4) / 167][Stage 2:====================>                                   (61 + 4) / 167][Stage 2:====================>                                   (62 + 4) / 167][Stage 2:=====================>                                  (64 + 4) / 167][Stage 2:=====================>                                  (65 + 4) / 167][Stage 2:======================>                                 (66 + 4) / 167][Stage 2:======================>                                 (67 + 4) / 167][Stage 2:======================>                                 (68 + 4) / 167][Stage 2:=======================>                                (69 + 4) / 167][Stage 2:=======================>                                (70 + 4) / 167][Stage 2:=======================>                                (71 + 4) / 167][Stage 2:========================>                               (72 + 4) / 167][Stage 2:========================>                               (73 + 4) / 167][Stage 2:========================>                               (74 + 4) / 167][Stage 2:=========================>                              (75 + 4) / 167][Stage 2:=========================>                              (76 + 4) / 167][Stage 2:=========================>                              (77 + 4) / 167][Stage 2:==========================>                             (78 + 4) / 167][Stage 2:==========================>                             (80 + 4) / 167][Stage 2:===========================>                            (81 + 4) / 167][Stage 2:===========================>                            (82 + 4) / 167][Stage 2:===========================>                            (83 + 4) / 167][Stage 2:============================>                           (84 + 4) / 167][Stage 2:============================>                           (85 + 4) / 167][Stage 2:============================>                           (86 + 4) / 167][Stage 2:=============================>                          (87 + 4) / 167][Stage 2:=============================>                          (88 + 4) / 167][Stage 2:=============================>                          (89 + 4) / 167][Stage 2:==============================>                         (90 + 4) / 167][Stage 2:==============================>                         (92 + 4) / 167][Stage 2:===============================>                        (93 + 4) / 167][Stage 2:===============================>                        (94 + 4) / 167][Stage 2:===============================>                        (95 + 4) / 167][Stage 2:================================>                       (96 + 4) / 167][Stage 2:================================>                       (97 + 4) / 167][Stage 2:================================>                       (98 + 4) / 167][Stage 2:=================================>                      (99 + 4) / 167][Stage 2:================================>                      (100 + 4) / 167][Stage 2:=================================>                     (101 + 4) / 167][Stage 2:=================================>                     (103 + 4) / 167][Stage 2:==================================>                    (104 + 4) / 167][Stage 2:==================================>                    (105 + 4) / 167][Stage 2:==================================>                    (106 + 4) / 167][Stage 2:===================================>                   (107 + 4) / 167][Stage 2:===================================>                   (108 + 4) / 167][Stage 2:===================================>                   (109 + 4) / 167][Stage 2:====================================>                  (110 + 4) / 167][Stage 2:====================================>                  (111 + 4) / 167][Stage 2:====================================>                  (112 + 4) / 167][Stage 2:=====================================>                 (113 + 4) / 167][Stage 2:=====================================>                 (114 + 4) / 167][Stage 2:=====================================>                 (115 + 4) / 167][Stage 2:======================================>                (116 + 4) / 167][Stage 2:======================================>                (117 + 4) / 167][Stage 2:======================================>                (118 + 4) / 167][Stage 2:=======================================>               (119 + 4) / 167][Stage 2:=======================================>               (120 + 4) / 167][Stage 2:=======================================>               (121 + 4) / 167][Stage 2:========================================>              (122 + 4) / 167][Stage 2:========================================>              (123 + 4) / 167][Stage 2:========================================>              (124 + 4) / 167][Stage 2:=========================================>             (125 + 4) / 167][Stage 2:=========================================>             (126 + 4) / 167][Stage 2:=========================================>             (127 + 4) / 167][Stage 2:==========================================>            (128 + 4) / 167][Stage 2:==========================================>            (129 + 4) / 167][Stage 2:==========================================>            (130 + 4) / 167][Stage 2:===========================================>           (131 + 4) / 167][Stage 2:===========================================>           (132 + 4) / 167][Stage 2:===========================================>           (133 + 4) / 167][Stage 2:============================================>          (134 + 4) / 167][Stage 2:============================================>          (135 + 4) / 167][Stage 2:============================================>          (136 + 4) / 167][Stage 2:=============================================>         (137 + 4) / 167][Stage 2:=============================================>         (138 + 4) / 167][Stage 2:=============================================>         (139 + 4) / 167][Stage 2:==============================================>        (140 + 4) / 167][Stage 2:==============================================>        (141 + 4) / 167][Stage 2:==============================================>        (142 + 4) / 167][Stage 2:===============================================>       (143 + 4) / 167][Stage 2:===============================================>       (144 + 4) / 167][Stage 2:===============================================>       (145 + 4) / 167][Stage 2:================================================>      (146 + 4) / 167][Stage 2:================================================>      (147 + 4) / 167][Stage 2:================================================>      (148 + 4) / 167][Stage 2:=================================================>     (149 + 4) / 167][Stage 2:=================================================>     (150 + 4) / 167][Stage 2:=================================================>     (151 + 4) / 167][Stage 2:==================================================>    (152 + 4) / 167][Stage 2:==================================================>    (153 + 4) / 167][Stage 2:==================================================>    (154 + 4) / 167][Stage 2:===================================================>   (155 + 4) / 167][Stage 2:===================================================>   (156 + 4) / 167][Stage 2:===================================================>   (157 + 4) / 167][Stage 2:====================================================>  (158 + 4) / 167][Stage 2:====================================================>  (159 + 4) / 167][Stage 2:====================================================>  (160 + 4) / 167][Stage 2:=====================================================> (161 + 4) / 167][Stage 2:=====================================================> (162 + 4) / 167][Stage 2:=====================================================> (163 + 4) / 167][Stage 2:======================================================>(164 + 3) / 167][Stage 2:======================================================>(166 + 1) / 167]                                                                                [Stage 0:>                                                          (0 + 1) / 1][I 2025-02-27 13:57:37.907 ServerApp] Saving file at /EB/WAV_motor_MySQL_load.ipynb
                                                                                [I 2025-02-27 13:58:36.251 ServerApp] Saving file at /EB/JSON_car_horn.ipynb
[W 2025-02-27 13:58:36.252 ServerApp] Notebook EB/JSON_car_horn.ipynb is not trusted
[I 2025-02-27 13:58:52.863 ServerApp] Saving file at /EB/JSON_car_horn.ipynb
[W 2025-02-27 13:58:52.864 ServerApp] Notebook EB/JSON_car_horn.ipynb is not trusted
[I 2025-02-27 13:59:01.341 ServerApp] Saving file at /EB/JSON_car_horn.ipynb
[W 2025-02-27 13:59:01.341 ServerApp] Notebook EB/JSON_car_horn.ipynb is not trusted
[I 2025-02-27 13:59:01.425 ServerApp] Starting buffering for 937dc123-da16-4f03-aba9-b3e42b15c755:d2f50885-3314-423d-a828-4afd5c9d85ce
[I 2025-02-27 13:59:09.340 ServerApp] Saving file at /EB/WAV_motor_MySQL_load.ipynb
[I 2025-02-27 13:59:10.807 ServerApp] Starting buffering for a642711e-2402-473f-b45a-fb026b101140:54a4e224-49a7-4129-ab00-762a3de3fcdf
[I 2025-02-27 13:59:12.989 ServerApp] Saving file at /EB/WAV_car_MySQL_load.ipynb
[I 2025-02-27 13:59:14.902 ServerApp] Saving file at /EB/WAV_car_MySQL_load.ipynb
[I 2025-02-27 13:59:22.877 ServerApp] Kernel started: 9ebba985-96b4-4a4e-9b25-581bfc824bc8
[I 2025-02-27 13:59:27.639 ServerApp] Kernel shutdown: 9ebba985-96b4-4a4e-9b25-581bfc824bc8
[W 2025-02-27 13:59:27.827 ServerApp] delete /EB/Untitled1.ipynb
[I 2025-02-27 13:59:31.047 ServerApp] Kernel shutdown: 8f9467d7-dc35-415a-9a33-05584a6304d6
[W 2025-02-27 13:59:31.253 ServerApp] delete /EB/Untitled.ipynb
[W 2025-02-27 14:00:05.976 ServerApp] Notebook EB/JSON_car_horn.ipynb is not trusted
[I 2025-02-27 14:01:34.357 ServerApp] Saving file at /EB/config.py
[I 2025-02-27 14:02:05.186 ServerApp] Saving file at /EB/JSON_car_driving_sound.ipynb
[I 2025-02-27 14:02:46.184 ServerApp] Saving file at /EB/config.py
[I 2025-02-27 14:03:05.880 ServerApp] Saving file at /EB/config.py
[I 2025-02-27 14:03:06.582 ServerApp] Saving file at /EB/config.py
[I 2025-02-27 14:03:10.945 ServerApp] Saving file at /EB/config.py
[I 2025-02-27 14:03:59.243 ServerApp] Kernel restarted: 2cfeeb08-30c6-4050-899a-33b7a97c816d
[I 2025-02-27 14:03:59.291 ServerApp] Starting buffering for 2cfeeb08-30c6-4050-899a-33b7a97c816d:317960ce-fc5e-437c-b878-1c288f9614f2
[I 2025-02-27 14:03:59.338 ServerApp] Restoring connection for 2cfeeb08-30c6-4050-899a-33b7a97c816d:317960ce-fc5e-437c-b878-1c288f9614f2
25/02/27 14:04:03 WARN NativeCodeLoader: Unable to load native-hadoop library for your platform... using builtin-java classes where applicable
Using Spark's default log4j profile: org/apache/spark/log4j-defaults.properties
Setting default log level to "WARN".
To adjust logging level use sc.setLogLevel(newLevel). For SparkR, use setLogLevel(newLevel).
[I 2025-02-27 14:04:05.284 ServerApp] Saving file at /EB/JSON_car_driving_sound.ipynb
[Stage 0:>                                                          (0 + 1) / 1]                                                                                [Stage 1:=============>                                           (13 + 5) / 53][Stage 1:===========================>                             (26 + 4) / 53][Stage 1:======================================>                  (36 + 4) / 53][Stage 1:=================================================>       (46 + 4) / 53]                                                                                [I 2025-02-27 14:06:05.384 ServerApp] Saving file at /EB/JSON_car_driving_sound.ipynb
[I 2025-02-27 14:07:30.559 ServerApp] Saving file at /EB/config.py
[I 2025-02-27 14:07:39.688 ServerApp] Kernel restarted: 2cfeeb08-30c6-4050-899a-33b7a97c816d
[I 2025-02-27 14:07:39.723 ServerApp] Starting buffering for 2cfeeb08-30c6-4050-899a-33b7a97c816d:317960ce-fc5e-437c-b878-1c288f9614f2
[I 2025-02-27 14:07:39.749 ServerApp] Restoring connection for 2cfeeb08-30c6-4050-899a-33b7a97c816d:317960ce-fc5e-437c-b878-1c288f9614f2
[I 2025-02-27 14:07:47.599 ServerApp] Saving file at /EB/config.py
[I 2025-02-27 14:07:48.391 ServerApp] Saving file at /EB/config.py
[W 2025-02-27 14:07:48.959 LabApp] Could not determine jupyterlab build status without nodejs
[W 2025-02-27 14:07:49.478 ServerApp] Notebook EB/JSON_car_horn.ipynb is not trusted
[W 2025-02-27 14:07:50.374 ServerApp] 404 GET /api/contents/git/noise-data-platform/EB/model_test.ipynb?content=0&1740632870185 (118.219.28.24): No such file or directory: git/noise-data-platform/EB/model_test.ipynb
[W 2025-02-27 14:07:50.374 ServerApp] No such file or directory: git/noise-data-platform/EB/model_test.ipynb
[W 2025-02-27 14:07:50.374 ServerApp] 404 GET /api/contents/git/noise-data-platform/EB/model_test.ipynb?content=0&1740632870185 (118.219.28.24) 0.87ms referer=http://15.168.145.74:8905/lab/tree/git/noise-data-platform/EB/model_test.ipynb
[I 2025-02-27 14:07:53.144 ServerApp] Kernel restarted: 2cfeeb08-30c6-4050-899a-33b7a97c816d
[I 2025-02-27 14:08:05.485 ServerApp] Saving file at /EB/JSON_car_driving_sound.ipynb
[I 2025-02-27 14:08:46.775 ServerApp] Saving file at /EB/config.py
[I 2025-02-27 14:08:47.758 ServerApp] Saving file at /EB/config.py
[I 2025-02-27 14:08:52.011 ServerApp] Kernel restarted: 2cfeeb08-30c6-4050-899a-33b7a97c816d
[I 2025-02-27 14:08:52.046 ServerApp] Starting buffering for 2cfeeb08-30c6-4050-899a-33b7a97c816d:317960ce-fc5e-437c-b878-1c288f9614f2
[I 2025-02-27 14:08:52.088 ServerApp] Restoring connection for 2cfeeb08-30c6-4050-899a-33b7a97c816d:317960ce-fc5e-437c-b878-1c288f9614f2
[I 2025-02-27 14:09:31.717 ServerApp] Saving file at /EB/config.py
[I 2025-02-27 14:09:32.454 ServerApp] Saving file at /EB/config.py
[I 2025-02-27 14:09:43.435 ServerApp] Kernel restarted: 2cfeeb08-30c6-4050-899a-33b7a97c816d
[I 2025-02-27 14:09:43.477 ServerApp] Starting buffering for 2cfeeb08-30c6-4050-899a-33b7a97c816d:317960ce-fc5e-437c-b878-1c288f9614f2
[I 2025-02-27 14:09:43.514 ServerApp] Restoring connection for 2cfeeb08-30c6-4050-899a-33b7a97c816d:317960ce-fc5e-437c-b878-1c288f9614f2
[I 2025-02-27 14:10:05.582 ServerApp] Saving file at /EB/JSON_car_driving_sound.ipynb
25/02/27 14:10:08 WARN NativeCodeLoader: Unable to load native-hadoop library for your platform... using builtin-java classes where applicable
Using Spark's default log4j profile: org/apache/spark/log4j-defaults.properties
Setting default log level to "WARN".
To adjust logging level use sc.setLogLevel(newLevel). For SparkR, use setLogLevel(newLevel).
[Stage 0:>                                                          (0 + 1) / 1]                                                                                [Stage 1:=================>                                       (16 + 4) / 53][Stage 1:=============================>                           (27 + 4) / 53][Stage 1:========================================>                (38 + 4) / 53][Stage 1:==================================================>      (47 + 4) / 53]                                                                                [I 2025-02-27 14:12:05.692 ServerApp] Saving file at /EB/JSON_car_driving_sound.ipynb
[I 2025-02-27 14:17:20.006 ServerApp] Kernel restarted: 937dc123-da16-4f03-aba9-b3e42b15c755
[I 2025-02-27 14:17:20.040 ServerApp] Starting buffering for 937dc123-da16-4f03-aba9-b3e42b15c755:a8fb1e60-cfbd-4821-b7c2-2da1e727c201
[I 2025-02-27 14:17:20.077 ServerApp] Restoring connection for 937dc123-da16-4f03-aba9-b3e42b15c755:a8fb1e60-cfbd-4821-b7c2-2da1e727c201
25/02/27 14:17:24 WARN NativeCodeLoader: Unable to load native-hadoop library for your platform... using builtin-java classes where applicable
Using Spark's default log4j profile: org/apache/spark/log4j-defaults.properties
Setting default log level to "WARN".
To adjust logging level use sc.setLogLevel(newLevel). For SparkR, use setLogLevel(newLevel).
25/02/27 14:17:25 WARN Utils: Service 'SparkUI' could not bind on port 4040. Attempting port 4041.
[Stage 0:>                                                          (0 + 1) / 1]                                                                                [Stage 1:===========>                                            (20 + 4) / 100][Stage 1:================>                                       (30 + 4) / 100][Stage 1:======================>                                 (41 + 4) / 100][Stage 1:============================>                           (51 + 4) / 100][Stage 1:===================================>                    (63 + 5) / 100][Stage 1:==========================================>             (76 + 4) / 100][Stage 1:================================================>       (87 + 4) / 100]                                                                                [I 2025-02-27 14:19:02.092 ServerApp] Saving file at /EB/JSON_car_horn.ipynb
[I 2025-02-27 14:19:02.115 ServerApp] Saving file at /EB/JSON_car_siren.ipynb
[I 2025-02-27 14:19:02.794 ServerApp] Kernel restarted: 393cc4a4-86ad-4c60-b0ae-b7158b738493
[I 2025-02-27 14:19:02.825 ServerApp] Starting buffering for 393cc4a4-86ad-4c60-b0ae-b7158b738493:3a1b887a-68f1-4dfa-859b-b8dad9bc8991
[I 2025-02-27 14:19:02.866 ServerApp] Restoring connection for 393cc4a4-86ad-4c60-b0ae-b7158b738493:3a1b887a-68f1-4dfa-859b-b8dad9bc8991
25/02/27 14:19:07 WARN NativeCodeLoader: Unable to load native-hadoop library for your platform... using builtin-java classes where applicable
Using Spark's default log4j profile: org/apache/spark/log4j-defaults.properties
Setting default log level to "WARN".
To adjust logging level use sc.setLogLevel(newLevel). For SparkR, use setLogLevel(newLevel).
25/02/27 14:19:08 WARN Utils: Service 'SparkUI' could not bind on port 4040. Attempting port 4041.
25/02/27 14:19:08 WARN Utils: Service 'SparkUI' could not bind on port 4041. Attempting port 4042.
[I 2025-02-27 14:19:12.455 ServerApp] Kernel interrupted: 097585d6-7580-4e59-b9e5-f2453a6fa9ca
[Stage 0:>                                                          (0 + 1) / 1][I 2025-02-27 14:19:17.404 ServerApp] Kernel restarted: 097585d6-7580-4e59-b9e5-f2453a6fa9ca
[I 2025-02-27 14:19:17.445 ServerApp] Starting buffering for 097585d6-7580-4e59-b9e5-f2453a6fa9ca:fbbdf1d4-7c80-41ff-ab3d-c4ba3a8898d0
[I 2025-02-27 14:19:17.474 ServerApp] Restoring connection for 097585d6-7580-4e59-b9e5-f2453a6fa9ca:fbbdf1d4-7c80-41ff-ab3d-c4ba3a8898d0
25/02/27 14:19:22 WARN NativeCodeLoader: Unable to load native-hadoop library for your platform... using builtin-java classes where applicable
Using Spark's default log4j profile: org/apache/spark/log4j-defaults.properties
Setting default log level to "WARN".
To adjust logging level use sc.setLogLevel(newLevel). For SparkR, use setLogLevel(newLevel).
25/02/27 14:19:23 WARN Utils: Service 'SparkUI' could not bind on port 4040. Attempting port 4041.
25/02/27 14:19:23 WARN Utils: Service 'SparkUI' could not bind on port 4041. Attempting port 4042.
25/02/27 14:19:23 WARN Utils: Service 'SparkUI' could not bind on port 4042. Attempting port 4043.
[Stage 0:>                                                          (0 + 1) / 1]                                                                                [Stage 1:=========>                                               (11 + 4) / 63][Stage 1:================>                                        (18 + 4) / 63][Stage 1:==========================>                              (29 + 4) / 63][Stage 1:================================>                        (36 + 4) / 63][Stage 1:========================================>                (45 + 4) / 63][Stage 1:==================================================>      (56 + 4) / 63]                                                                                [I 2025-02-27 14:20:31.375 ServerApp] Saving file at /EB/JSON_car_siren.ipynb
[I 2025-02-27 14:20:32.232 ServerApp] Starting buffering for 393cc4a4-86ad-4c60-b0ae-b7158b738493:3a1b887a-68f1-4dfa-859b-b8dad9bc8991
[Stage 0:>                                                          (0 + 1) / 1][I 2025-02-27 14:20:34.248 ServerApp] Saving file at /EB/JSON_motorcycle_horn_driving.ipynb
[I 2025-02-27 14:20:45.787 ServerApp] Saving file at /EB/JSON_car_horn.ipynb
[I 2025-02-27 14:20:46.722 ServerApp] Starting buffering for 937dc123-da16-4f03-aba9-b3e42b15c755:a8fb1e60-cfbd-4821-b7c2-2da1e727c201
[I 2025-02-27 14:20:53.139 ServerApp] Saving file at /EB/JSON_car_driving_sound.ipynb
[I 2025-02-27 14:20:54.481 ServerApp] Starting buffering for 2cfeeb08-30c6-4050-899a-33b7a97c816d:317960ce-fc5e-437c-b878-1c288f9614f2
[I 2025-02-27 14:20:57.022 ServerApp] Kernel interrupted: 097585d6-7580-4e59-b9e5-f2453a6fa9ca
[I 2025-02-27 14:21:01.418 ServerApp] Saving file at /EB/JSON_motorcycle_horn_driving.ipynb
[I 2025-02-27 14:21:01.939 ServerApp] Starting buffering for 097585d6-7580-4e59-b9e5-f2453a6fa9ca:fbbdf1d4-7c80-41ff-ab3d-c4ba3a8898d0
[IPKernelApp] ERROR | No such comm target registered: jupyter.widget.control
[IPKernelApp] WARNING | No such comm: 2aedf63d-d37a-4a80-b088-8d4ceb46b040
[IPKernelApp] ERROR | No such comm target registered: jupyter.widget.control
[IPKernelApp] WARNING | No such comm: d057bb3d-94f7-4179-8711-4b3ab916328a
25/02/27 14:21:24 ERROR TaskContextImpl: Error in TaskCompletionListener
java.lang.IllegalStateException: Block broadcast_1 not found
	at org.apache.spark.storage.BlockInfoManager.$anonfun$unlock$3(BlockInfoManager.scala:293)
	at scala.Option.getOrElse(Option.scala:189)
	at org.apache.spark.storage.BlockInfoManager.unlock(BlockInfoManager.scala:293)
	at org.apache.spark.storage.BlockManager.releaseLock(BlockManager.scala:1196)
	at org.apache.spark.broadcast.TorrentBroadcast.$anonfun$releaseBlockManagerLock$1(TorrentBroadcast.scala:287)
	at org.apache.spark.broadcast.TorrentBroadcast.$anonfun$releaseBlockManagerLock$1$adapted(TorrentBroadcast.scala:287)
	at org.apache.spark.TaskContext$$anon$1.onTaskCompletion(TaskContext.scala:125)
	at org.apache.spark.TaskContextImpl.$anonfun$markTaskCompleted$1(TaskContextImpl.scala:124)
	at org.apache.spark.TaskContextImpl.$anonfun$markTaskCompleted$1$adapted(TaskContextImpl.scala:124)
	at org.apache.spark.TaskContextImpl.$anonfun$invokeListeners$1(TaskContextImpl.scala:137)
	at org.apache.spark.TaskContextImpl.$anonfun$invokeListeners$1$adapted(TaskContextImpl.scala:135)
	at scala.collection.mutable.ResizableArray.foreach(ResizableArray.scala:62)
	at scala.collection.mutable.ResizableArray.foreach$(ResizableArray.scala:55)
	at scala.collection.mutable.ArrayBuffer.foreach(ArrayBuffer.scala:49)
	at org.apache.spark.TaskContextImpl.invokeListeners(TaskContextImpl.scala:135)
	at org.apache.spark.TaskContextImpl.markTaskCompleted(TaskContextImpl.scala:124)
	at org.apache.spark.scheduler.Task.run(Task.scala:147)
	at org.apache.spark.executor.Executor$TaskRunner.$anonfun$run$3(Executor.scala:497)
	at org.apache.spark.util.Utils$.tryWithSafeFinally(Utils.scala:1439)
	at org.apache.spark.executor.Executor$TaskRunner.run(Executor.scala:500)
	at java.util.concurrent.ThreadPoolExecutor.runWorker(ThreadPoolExecutor.java:1149)
	at java.util.concurrent.ThreadPoolExecutor$Worker.run(ThreadPoolExecutor.java:624)
	at java.lang.Thread.run(Thread.java:750)
25/02/27 14:21:24 ERROR Utils: Uncaught exception in thread Executor task launch worker for task 0.0 in stage 0.0 (TID 0)
java.lang.NullPointerException
	at org.apache.spark.scheduler.Task.$anonfun$run$2(Task.scala:152)
	at org.apache.spark.util.Utils$.tryLogNonFatalError(Utils.scala:1419)
	at org.apache.spark.scheduler.Task.run(Task.scala:150)
	at org.apache.spark.executor.Executor$TaskRunner.$anonfun$run$3(Executor.scala:497)
	at org.apache.spark.util.Utils$.tryWithSafeFinally(Utils.scala:1439)
	at org.apache.spark.executor.Executor$TaskRunner.run(Executor.scala:500)
	at java.util.concurrent.ThreadPoolExecutor.runWorker(ThreadPoolExecutor.java:1149)
	at java.util.concurrent.ThreadPoolExecutor$Worker.run(ThreadPoolExecutor.java:624)
	at java.lang.Thread.run(Thread.java:750)
25/02/27 14:21:24 ERROR Executor: Exception in task 0.0 in stage 0.0 (TID 0): Block broadcast_1 not found
[I 2025-02-27 14:22:20.987 ServerApp] Starting buffering for 393cc4a4-86ad-4c60-b0ae-b7158b738493:0a7dff96-b025-458c-87db-db97e3e99db4
[I 2025-02-27 14:22:23.277 ServerApp] Starting buffering for 937dc123-da16-4f03-aba9-b3e42b15c755:b421fe10-8b3f-407d-883b-59ce7cae4b3b
[I 2025-02-27 14:22:25.507 ServerApp] Starting buffering for 2cfeeb08-30c6-4050-899a-33b7a97c816d:fc116ea0-e150-49f8-ad49-eb09b1285df6
[Stage 0:>                                                          (0 + 1) / 1]--- Logging error ---
Traceback (most recent call last):
  File "/opt/spark/python/lib/py4j-0.10.9-src.zip/py4j/java_gateway.py", line 977, in _get_connection
    connection = self.deque.pop()
IndexError: pop from an empty deque

During handling of the above exception, another exception occurred:

Traceback (most recent call last):
  File "/opt/spark/python/lib/py4j-0.10.9-src.zip/py4j/java_gateway.py", line 1115, in start
    self.socket.connect((self.address, self.port))
ConnectionRefusedError: [Errno 111] Connection refused

During handling of the above exception, another exception occurred:

Traceback (most recent call last):
  File "/home/ubuntu/anaconda3/envs/ml_env_python3.6/lib/python3.6/logging/__init__.py", line 996, in emit
    stream.write(msg)
  File "/home/ubuntu/anaconda3/envs/ml_env_python3.6/lib/python3.6/site-packages/ipykernel/iostream.py", line 412, in write
    self._schedule_flush()
  File "/home/ubuntu/anaconda3/envs/ml_env_python3.6/lib/python3.6/site-packages/ipykernel/iostream.py", line 333, in _schedule_flush
    self.pub_thread.schedule(_schedule_in_thread)
  File "/home/ubuntu/anaconda3/envs/ml_env_python3.6/lib/python3.6/site-packages/ipykernel/iostream.py", line 205, in schedule
    f()
  File "/home/ubuntu/anaconda3/envs/ml_env_python3.6/lib/python3.6/site-packages/ipykernel/iostream.py", line 332, in _schedule_in_thread
    self._io_loop.call_later(self.flush_interval, self._flush)
  File "/home/ubuntu/anaconda3/envs/ml_env_python3.6/lib/python3.6/site-packages/tornado/ioloop.py", line 600, in call_later
    return self.call_at(self.time() + delay, callback, *args, **kwargs)
  File "/home/ubuntu/anaconda3/envs/ml_env_python3.6/lib/python3.6/site-packages/tornado/platform/asyncio.py", line 215, in call_at
    functools.partial(callback, *args, **kwargs),
  File "/home/ubuntu/anaconda3/envs/ml_env_python3.6/lib/python3.6/asyncio/base_events.py", line 564, in call_later
    timer = self.call_at(self.time() + delay, callback, *args)
  File "/home/ubuntu/anaconda3/envs/ml_env_python3.6/lib/python3.6/asyncio/base_events.py", line 574, in call_at
    self._check_closed()
  File "/home/ubuntu/anaconda3/envs/ml_env_python3.6/lib/python3.6/asyncio/base_events.py", line 381, in _check_closed
    raise RuntimeError('Event loop is closed')
RuntimeError: Event loop is closed
Call stack:
  File "/opt/spark/python/lib/py4j-0.10.9-src.zip/py4j/java_gateway.py", line 1341, in <lambda>
    _garbage_collect_object and _garbage_collect_object(cc, id))
  File "/opt/spark/python/lib/py4j-0.10.9-src.zip/py4j/java_gateway.py", line 645, in _garbage_collect_object
    gateway_client.garbage_collect_object(target_id)
  File "/opt/spark/python/lib/py4j-0.10.9-src.zip/py4j/java_gateway.py", line 968, in garbage_collect_object
    "\ne\n")
  File "/opt/spark/python/lib/py4j-0.10.9-src.zip/py4j/java_gateway.py", line 1031, in send_command
    connection = self._get_connection()
  File "/opt/spark/python/lib/py4j-0.10.9-src.zip/py4j/java_gateway.py", line 979, in _get_connection
    connection = self._create_connection()
  File "/opt/spark/python/lib/py4j-0.10.9-src.zip/py4j/java_gateway.py", line 985, in _create_connection
    connection.start()
  File "/opt/spark/python/lib/py4j-0.10.9-src.zip/py4j/java_gateway.py", line 1126, in start
    logger.exception(msg)
Message: 'An error occurred while trying to connect to the Java server (127.0.0.1:44347)'
Arguments: ()
--- Logging error ---
Traceback (most recent call last):
  File "/opt/spark/python/lib/py4j-0.10.9-src.zip/py4j/java_gateway.py", line 977, in _get_connection
    connection = self.deque.pop()
IndexError: pop from an empty deque

During handling of the above exception, another exception occurred:

Traceback (most recent call last):
  File "/opt/spark/python/lib/py4j-0.10.9-src.zip/py4j/java_gateway.py", line 1115, in start
    self.socket.connect((self.address, self.port))
ConnectionRefusedError: [Errno 111] Connection refused

During handling of the above exception, another exception occurred:

Traceback (most recent call last):
  File "/home/ubuntu/anaconda3/envs/ml_env_python3.6/lib/python3.6/logging/__init__.py", line 998, in emit
    self.flush()
  File "/home/ubuntu/anaconda3/envs/ml_env_python3.6/lib/python3.6/logging/__init__.py", line 978, in flush
    self.stream.flush()
  File "/home/ubuntu/anaconda3/envs/ml_env_python3.6/lib/python3.6/site-packages/ipykernel/iostream.py", line 355, in flush
    self._flush()
  File "/home/ubuntu/anaconda3/envs/ml_env_python3.6/lib/python3.6/site-packages/ipykernel/iostream.py", line 382, in _flush
    parent=self.parent_header, ident=self.topic)
  File "/home/ubuntu/anaconda3/envs/ml_env_python3.6/lib/python3.6/site-packages/jupyter_client/session.py", line 853, in send
    stream.send_multipart(to_send, copy=copy)
  File "/home/ubuntu/anaconda3/envs/ml_env_python3.6/lib/python3.6/site-packages/ipykernel/iostream.py", line 212, in send_multipart
    self.schedule(lambda : self._really_send(*args, **kwargs))
  File "/home/ubuntu/anaconda3/envs/ml_env_python3.6/lib/python3.6/site-packages/ipykernel/iostream.py", line 205, in schedule
    f()
  File "/home/ubuntu/anaconda3/envs/ml_env_python3.6/lib/python3.6/site-packages/ipykernel/iostream.py", line 212, in <lambda>
    self.schedule(lambda : self._really_send(*args, **kwargs))
  File "/home/ubuntu/anaconda3/envs/ml_env_python3.6/lib/python3.6/site-packages/ipykernel/iostream.py", line 220, in _really_send
    self.socket.send_multipart(msg, *args, **kwargs)
AttributeError: 'NoneType' object has no attribute 'send_multipart'
Call stack:
  File "/opt/spark/python/lib/py4j-0.10.9-src.zip/py4j/java_gateway.py", line 1341, in <lambda>
    _garbage_collect_object and _garbage_collect_object(cc, id))
  File "/opt/spark/python/lib/py4j-0.10.9-src.zip/py4j/java_gateway.py", line 645, in _garbage_collect_object
    gateway_client.garbage_collect_object(target_id)
  File "/opt/spark/python/lib/py4j-0.10.9-src.zip/py4j/java_gateway.py", line 968, in garbage_collect_object
    "\ne\n")
  File "/opt/spark/python/lib/py4j-0.10.9-src.zip/py4j/java_gateway.py", line 1031, in send_command
    connection = self._get_connection()
  File "/opt/spark/python/lib/py4j-0.10.9-src.zip/py4j/java_gateway.py", line 979, in _get_connection
    connection = self._create_connection()
  File "/opt/spark/python/lib/py4j-0.10.9-src.zip/py4j/java_gateway.py", line 985, in _create_connection
    connection.start()
  File "/opt/spark/python/lib/py4j-0.10.9-src.zip/py4j/java_gateway.py", line 1126, in start
    logger.exception(msg)
Message: 'An error occurred while trying to connect to the Java server (127.0.0.1:44347)'
Arguments: ()
--- Logging error ---
Traceback (most recent call last):
  File "/opt/spark/python/lib/py4j-0.10.9-src.zip/py4j/java_gateway.py", line 977, in _get_connection
    connection = self.deque.pop()
IndexError: pop from an empty deque

During handling of the above exception, another exception occurred:

Traceback (most recent call last):
  File "/opt/spark/python/lib/py4j-0.10.9-src.zip/py4j/java_gateway.py", line 1115, in start
    self.socket.connect((self.address, self.port))
ConnectionRefusedError: [Errno 111] Connection refused

During handling of the above exception, another exception occurred:

Traceback (most recent call last):
  File "/home/ubuntu/anaconda3/envs/ml_env_python3.6/lib/python3.6/logging/__init__.py", line 996, in emit
    stream.write(msg)
  File "/home/ubuntu/anaconda3/envs/ml_env_python3.6/lib/python3.6/site-packages/ipykernel/iostream.py", line 412, in write
    self._schedule_flush()
  File "/home/ubuntu/anaconda3/envs/ml_env_python3.6/lib/python3.6/site-packages/ipykernel/iostream.py", line 333, in _schedule_flush
    self.pub_thread.schedule(_schedule_in_thread)
  File "/home/ubuntu/anaconda3/envs/ml_env_python3.6/lib/python3.6/site-packages/ipykernel/iostream.py", line 205, in schedule
    f()
  File "/home/ubuntu/anaconda3/envs/ml_env_python3.6/lib/python3.6/site-packages/ipykernel/iostream.py", line 332, in _schedule_in_thread
    self._io_loop.call_later(self.flush_interval, self._flush)
  File "/home/ubuntu/anaconda3/envs/ml_env_python3.6/lib/python3.6/site-packages/tornado/ioloop.py", line 600, in call_later
    return self.call_at(self.time() + delay, callback, *args, **kwargs)
[I 2025-02-27 14:22:47.531 ServerApp] Kernel restarted: 1e55fa80-ebcf-4202-8ed9-30e22899d846
[IPKernelApp] ERROR | No such comm target registered: jupyter.widget.control
[IPKernelApp] WARNING | No such comm: 716fc47f-7a22-40c2-b30e-43ece023b9ad
[I 2025-02-27 14:23:06.950 ServerApp] Saving file at /EB/JSON_motorcycle_horn_driving.ipynb
[I 2025-02-27 14:23:09.037 ServerApp] Saving file at /EB/WAV_car_MySQL_load.ipynb
[I 2025-02-27 14:23:09.863 ServerApp] Saving file at /EB/WAV_motor_MySQL_load.ipynb
[Stage 0:>                                                          (0 + 1) / 1]                                                                                25/02/27 14:24:16 WARN package: Truncated the string representation of a plan since it was too large. This behavior can be adjusted by setting 'spark.sql.debug.maxToStringFields'.
[Stage 2:=====>                                                  (13 + 4) / 143][Stage 2:========>                                               (21 + 4) / 143][Stage 2:==========>                                             (27 + 4) / 143][Stage 2:=============>                                          (35 + 4) / 143][Stage 2:================>                                       (43 + 4) / 143][Stage 2:===================>                                    (51 + 4) / 143][Stage 2:=======================>                                (61 + 4) / 143][Stage 2:===========================>                            (69 + 4) / 143][Stage 2:==============================>                         (77 + 4) / 143][Stage 2:=================================>                      (85 + 4) / 143][Stage 2:====================================>                   (94 + 4) / 143][Stage 2:========================================>              (105 + 4) / 143][Stage 2:===========================================>           (114 + 4) / 143][Stage 2:===============================================>       (124 + 4) / 143][Stage 2:===================================================>   (134 + 4) / 143]                                                                                [I 2025-02-27 14:25:07.075 ServerApp] Saving file at /EB/JSON_motorcycle_horn_driving.ipynb
[I 2025-02-27 14:27:46.120 ServerApp] Kernel restarted: 1e55fa80-ebcf-4202-8ed9-30e22899d846
[IPKernelApp] ERROR | No such comm target registered: jupyter.widget.control
[IPKernelApp] WARNING | No such comm: e6c8cb22-c8b2-44ed-91ac-bd0e47e4f3c4
[I 2025-02-27 14:28:10.175 ServerApp] Saving file at /EB/JSON_motorcycle_horn_driving.ipynb
[I 2025-02-27 14:28:12.163 ServerApp] Starting buffering for 097585d6-7580-4e59-b9e5-f2453a6fa9ca:5db56b3e-467c-4adc-8dcf-8f4662c84dea
25/02/27 14:28:20 WARN NativeCodeLoader: Unable to load native-hadoop library for your platform... using builtin-java classes where applicable
Using Spark's default log4j profile: org/apache/spark/log4j-defaults.properties
Setting default log level to "WARN".
To adjust logging level use sc.setLogLevel(newLevel). For SparkR, use setLogLevel(newLevel).
[I 2025-02-27 14:29:09.506 ServerApp] Saving file at /EB/WAV_car_MySQL_load.ipynb
[I 2025-02-27 14:29:27.520 ServerApp] Saving file at /EB/WAV_car_MySQL_load.ipynb
[I 2025-02-27 14:29:47.245 ServerApp] Kernel restarted: a642711e-2402-473f-b45a-fb026b101140
[I 2025-02-27 14:29:47.276 ServerApp] Starting buffering for a642711e-2402-473f-b45a-fb026b101140:4a8ad8c3-36e9-4e9c-ae9f-f579462568a2
[I 2025-02-27 14:29:47.314 ServerApp] Restoring connection for a642711e-2402-473f-b45a-fb026b101140:4a8ad8c3-36e9-4e9c-ae9f-f579462568a2
[IPKernelApp] ERROR | No such comm target registered: jupyter.widget.control
[IPKernelApp] WARNING | No such comm: 11bd3ade-fe93-4805-9870-f5884c946f5d
25/02/27 14:29:55 WARN NativeCodeLoader: Unable to load native-hadoop library for your platform... using builtin-java classes where applicable
Using Spark's default log4j profile: org/apache/spark/log4j-defaults.properties
Setting default log level to "WARN".
To adjust logging level use sc.setLogLevel(newLevel). For SparkR, use setLogLevel(newLevel).
[I 2025-02-27 14:30:16.418 ServerApp] Saving file at /EB/WAV_motor_MySQL_load.ipynb
[I 2025-02-27 14:31:43.537 ServerApp] Starting buffering for a642711e-2402-473f-b45a-fb026b101140:4a8ad8c3-36e9-4e9c-ae9f-f579462568a2
[I 2025-02-27 14:31:46.798 ServerApp] Saving file at /EB/config.py
[I 2025-02-27 14:31:51.561 ServerApp] Kernel started: 783e56a8-4e40-4dda-ae26-14a09b8d6e1e
[IPKernelApp] ERROR | No such comm target registered: jupyter.widget.control
[IPKernelApp] WARNING | No such comm: e71816ad-5208-4a61-9aec-92deaf2e0771
[I 2025-02-27 14:31:58.090 ServerApp] Kernel started: c87eb18a-691f-4b99-b2d4-d60dd00b9129
[I 2025-02-27 14:31:58.100 ServerApp] Kernel started: 5ed3e06a-521b-43fc-98d0-0be69dc2444c
[I 2025-02-27 14:33:57.598 ServerApp] Saving file at /EB/_Softmax_Autoencoder.ipynb
[I 2025-02-27 14:39:52.794 ServerApp] Kernel restarted: 5ed3e06a-521b-43fc-98d0-0be69dc2444c
[I 2025-02-27 14:39:52.869 ServerApp] Starting buffering for 5ed3e06a-521b-43fc-98d0-0be69dc2444c:4acbb410-1cd1-4611-a304-561aabaca755
[I 2025-02-27 14:39:52.990 ServerApp] Restoring connection for 5ed3e06a-521b-43fc-98d0-0be69dc2444c:4acbb410-1cd1-4611-a304-561aabaca755
[I 2025-02-27 14:39:57.978 ServerApp] Saving file at /EB/_Softmax_Autoencoder.ipynb
2025-02-27 14:39:57.971179: I tensorflow/core/util/port.cc:110] oneDNN custom operations are on. You may see slightly different numerical results due to floating-point round-off errors from different computation orders. To turn them off, set the environment variable `TF_ENABLE_ONEDNN_OPTS=0`.
2025-02-27 14:39:58.762844: I tensorflow/core/platform/cpu_feature_guard.cc:182] This TensorFlow binary is optimized to use available CPU instructions in performance-critical operations.
To enable the following instructions: AVX2 AVX512F AVX512_VNNI FMA, in other operations, rebuild TensorFlow with the appropriate compiler flags.
2025-02-27 14:40:00.439459: W tensorflow/compiler/tf2tensorrt/utils/py_utils.cc:38] TF-TRT Warning: Could not find TensorRT
[I 2025-02-27 14:41:51.970 ServerApp] Saving file at /EB/model_test.ipynb
[I 2025-02-27 14:41:58.016 ServerApp] Saving file at /EB/CNN_model.ipynb
[I 2025-02-27 14:41:58.183 ServerApp] Saving file at /EB/_Softmax_Autoencoder.ipynb
[I 2025-02-27 14:42:37.622 ServerApp] Kernel interrupted: 5ed3e06a-521b-43fc-98d0-0be69dc2444c
[I 2025-02-27 14:42:50.776 ServerApp] Kernel restarted: 783e56a8-4e40-4dda-ae26-14a09b8d6e1e
[I 2025-02-27 14:42:50.810 ServerApp] Starting buffering for 783e56a8-4e40-4dda-ae26-14a09b8d6e1e:0be6fad0-621a-4895-bc62-0ddd71a86cb6
[I 2025-02-27 14:42:50.856 ServerApp] Restoring connection for 783e56a8-4e40-4dda-ae26-14a09b8d6e1e:0be6fad0-621a-4895-bc62-0ddd71a86cb6
[IPKernelApp] ERROR | No such comm target registered: jupyter.widget.control
[IPKernelApp] WARNING | No such comm: 2dcfe1b8-5f2c-4962-977d-a13116536624
[I 2025-02-27 14:43:52.138 ServerApp] Saving file at /EB/model_test.ipynb
[I 2025-02-27 14:43:58.173 ServerApp] Saving file at /EB/CNN_model.ipynb
[I 2025-02-27 14:43:58.984 ServerApp] Saving file at /EB/_Softmax_Autoencoder.ipynb
[I 2025-02-27 14:44:01.056 ServerApp] Kernel restarted: 783e56a8-4e40-4dda-ae26-14a09b8d6e1e
[I 2025-02-27 14:44:01.096 ServerApp] Starting buffering for 783e56a8-4e40-4dda-ae26-14a09b8d6e1e:0be6fad0-621a-4895-bc62-0ddd71a86cb6
[I 2025-02-27 14:44:01.124 ServerApp] Restoring connection for 783e56a8-4e40-4dda-ae26-14a09b8d6e1e:0be6fad0-621a-4895-bc62-0ddd71a86cb6
[IPKernelApp] ERROR | No such comm target registered: jupyter.widget.control
[IPKernelApp] WARNING | No such comm: 1776e862-9231-4fea-a5b9-320c449ef65d
[I 2025-02-27 14:45:52.269 ServerApp] Saving file at /EB/model_test.ipynb
[I 2025-02-27 14:47:53.056 ServerApp] Saving file at /EB/model_test.ipynb
[I 2025-02-27 14:50:03.534 ServerApp] Starting buffering for c87eb18a-691f-4b99-b2d4-d60dd00b9129:50c46f4a-c3be-49a8-994e-ae7471654254
[I 2025-02-27 14:50:09.657 ServerApp] Starting buffering for 5ed3e06a-521b-43fc-98d0-0be69dc2444c:4acbb410-1cd1-4611-a304-561aabaca755
[I 2025-02-27 14:50:24.766 ServerApp] Copying EB/model_test.ipynb to /EB
[I 2025-02-27 14:51:53.208 ServerApp] Saving file at /EB/model_test.ipynb
[I 2025-02-27 14:52:57.810 ServerApp] Kernel started: b93c85c1-edd1-4a8c-8a40-512f7a40566e
[IPKernelApp] ERROR | No such comm target registered: jupyter.widget.control
[IPKernelApp] WARNING | No such comm: 80dac951-551e-4dcd-a6ea-73b7b3c1e837
[I 2025-02-27 14:53:53.360 ServerApp] Saving file at /EB/model_test.ipynb
[I 2025-02-27 14:54:55.632 ServerApp] Saving file at /EB/RandomForest.ipynb
[I 2025-02-27 14:56:06.548 ServerApp] Copying EB/LightGBM_ODD.ipynb to /EB
[I 2025-02-27 14:56:28.812 ServerApp] Kernel started: 9a01d70c-88b7-4580-84ee-80af24dcdde2
[I 2025-02-27 14:56:30.383 ServerApp] Starting buffering for b93c85c1-edd1-4a8c-8a40-512f7a40566e:63a0328d-29ea-4603-8987-2c76793edc42
[IPKernelApp] ERROR | No such comm target registered: jupyter.widget.control
[IPKernelApp] WARNING | No such comm: a44dbad3-6ebb-4881-9af2-4c3ebbcafea3
[I 2025-02-27 14:56:33.353 ServerApp] Starting buffering for 783e56a8-4e40-4dda-ae26-14a09b8d6e1e:0be6fad0-621a-4895-bc62-0ddd71a86cb6
[I 2025-02-27 14:58:27.702 ServerApp] Saving file at /EB/LightGBM_ODD_mfcc50.ipynb
[I 2025-02-27 15:00:27.846 ServerApp] Saving file at /EB/LightGBM_ODD_mfcc50.ipynb
[I 2025-02-27 15:02:28.145 ServerApp] Saving file at /EB/LightGBM_ODD_mfcc50.ipynb
[I 2025-02-27 15:03:03.618 ServerApp] Kernel restarted: 9a01d70c-88b7-4580-84ee-80af24dcdde2
[I 2025-02-27 15:03:03.662 ServerApp] Starting buffering for 9a01d70c-88b7-4580-84ee-80af24dcdde2:52bb991a-023c-496e-be1f-076a4cae2a02
[I 2025-02-27 15:03:03.782 ServerApp] Restoring connection for 9a01d70c-88b7-4580-84ee-80af24dcdde2:52bb991a-023c-496e-be1f-076a4cae2a02
[IPKernelApp] ERROR | No such comm target registered: jupyter.widget.control
[IPKernelApp] WARNING | No such comm: adf8dca7-a3fc-43f2-bd0c-ef5e04229642
[I 2025-02-27 15:04:28.525 ServerApp] Saving file at /EB/LightGBM_ODD_mfcc50.ipynb
[I 2025-02-27 15:04:29.472 ServerApp] Kernel interrupted: 9a01d70c-88b7-4580-84ee-80af24dcdde2
[I 2025-02-27 15:06:28.656 ServerApp] Saving file at /EB/LightGBM_ODD_mfcc50.ipynb
[I 2025-02-27 15:25:13.727 ServerApp] Starting buffering for 783e56a8-4e40-4dda-ae26-14a09b8d6e1e:b616aa95-490c-4e2f-8ab3-20f0a6c9bc16
[I 2025-02-27 15:40:04.620 ServerApp] Starting buffering for b93c85c1-edd1-4a8c-8a40-512f7a40566e:b5d8a1a9-f626-4ef2-a01b-fac821f6fffd
[I 2025-02-27 15:42:54.758 ServerApp] Saving file at /EB/LightGBM_ODD_mfcc50.ipynb
[I 2025-02-27 15:43:41.859 ServerApp] Kernel restarted: 9a01d70c-88b7-4580-84ee-80af24dcdde2
[I 2025-02-27 15:43:41.983 ServerApp] Starting buffering for 9a01d70c-88b7-4580-84ee-80af24dcdde2:52bb991a-023c-496e-be1f-076a4cae2a02
[I 2025-02-27 15:43:42.230 ServerApp] Restoring connection for 9a01d70c-88b7-4580-84ee-80af24dcdde2:52bb991a-023c-496e-be1f-076a4cae2a02
[IPKernelApp] ERROR | No such comm target registered: jupyter.widget.control
[IPKernelApp] WARNING | No such comm: fe079c23-1b7f-454b-91a4-a9bdb17d175c
[I 2025-02-27 15:44:54.930 ServerApp] Saving file at /EB/LightGBM_ODD_mfcc50.ipynb
[I 2025-02-27 15:46:55.195 ServerApp] Saving file at /EB/LightGBM_ODD_mfcc50.ipynb
[I 2025-02-27 15:48:55.401 ServerApp] Saving file at /EB/LightGBM_ODD_mfcc50.ipynb
[I 2025-02-27 15:50:55.646 ServerApp] Saving file at /EB/LightGBM_ODD_mfcc50.ipynb
[I 2025-02-27 15:52:55.930 ServerApp] Saving file at /EB/LightGBM_ODD_mfcc50.ipynb
[I 2025-02-27 16:14:57.091 ServerApp] Saving file at /EB/LightGBM_ODD_mfcc50.ipynb
[I 2025-02-27 16:18:57.276 ServerApp] Saving file at /EB/LightGBM_ODD_mfcc50.ipynb
[I 2025-02-27 16:26:58.066 ServerApp] Saving file at /EB/LightGBM_ODD_mfcc50.ipynb
[I 2025-02-27 16:28:58.328 ServerApp] Saving file at /EB/LightGBM_ODD_mfcc50.ipynb
[I 2025-02-27 16:30:58.586 ServerApp] Saving file at /EB/LightGBM_ODD_mfcc50.ipynb
[I 2025-02-27 16:32:58.805 ServerApp] Saving file at /EB/LightGBM_ODD_mfcc50.ipynb
[I 2025-02-27 16:34:59.010 ServerApp] Saving file at /EB/LightGBM_ODD_mfcc50.ipynb
[I 2025-02-27 16:36:59.241 ServerApp] Saving file at /EB/LightGBM_ODD_mfcc50.ipynb
[I 2025-02-27 16:38:08.635 ServerApp] Kernel restarted: 9a01d70c-88b7-4580-84ee-80af24dcdde2
[I 2025-02-27 16:38:08.677 ServerApp] Starting buffering for 9a01d70c-88b7-4580-84ee-80af24dcdde2:52bb991a-023c-496e-be1f-076a4cae2a02
[I 2025-02-27 16:38:08.703 ServerApp] Restoring connection for 9a01d70c-88b7-4580-84ee-80af24dcdde2:52bb991a-023c-496e-be1f-076a4cae2a02
[IPKernelApp] ERROR | No such comm target registered: jupyter.widget.control
[IPKernelApp] WARNING | No such comm: 86899c2c-76cd-4386-be64-ced7f596c23c
[I 2025-02-27 16:38:59.472 ServerApp] Saving file at /EB/LightGBM_ODD_mfcc50.ipynb
[I 2025-02-27 16:40:30.882 ServerApp] Kernel interrupted: 9a01d70c-88b7-4580-84ee-80af24dcdde2
[I 2025-02-27 16:40:59.742 ServerApp] Saving file at /EB/LightGBM_ODD_mfcc50.ipynb
[I 2025-02-27 16:41:55.622 ServerApp] Kernel interrupted: 9a01d70c-88b7-4580-84ee-80af24dcdde2
[I 2025-02-27 16:43:00.079 ServerApp] Saving file at /EB/LightGBM_ODD_mfcc50.ipynb
[I 2025-02-27 16:45:00.376 ServerApp] Saving file at /EB/LightGBM_ODD_mfcc50.ipynb
[I 2025-02-27 16:47:01.052 ServerApp] Saving file at /EB/LightGBM_ODD_mfcc50.ipynb
[I 2025-02-27 16:47:43.894 ServerApp] Kernel restarted: 9a01d70c-88b7-4580-84ee-80af24dcdde2
[I 2025-02-27 16:47:44.198 ServerApp] Starting buffering for 9a01d70c-88b7-4580-84ee-80af24dcdde2:52bb991a-023c-496e-be1f-076a4cae2a02
[I 2025-02-27 16:47:44.247 ServerApp] Restoring connection for 9a01d70c-88b7-4580-84ee-80af24dcdde2:52bb991a-023c-496e-be1f-076a4cae2a02
[IPKernelApp] ERROR | No such comm target registered: jupyter.widget.control
[IPKernelApp] WARNING | No such comm: c3fda71a-20b9-442d-86a5-70725b871ff7
[I 2025-02-27 16:49:01.331 ServerApp] Saving file at /EB/LightGBM_ODD_mfcc50.ipynb
[I 2025-02-27 16:51:01.665 ServerApp] Saving file at /EB/LightGBM_ODD_mfcc50.ipynb
[I 2025-02-27 17:10:39.329 ServerApp] Saving file at /EB/LightGBM_ODD_mfcc50.ipynb
